2022-09-11 13:04:31.880-03:00  INFO [main] [traceId: ] c.p.ttk.admision.TtkAdmisionApplication  : Starting TtkAdmisionApplication on LAPTOP-NTG74QU4 with PID 13724 (C:\Users\ENVY\Desktop\TECHNOTANKERS\PROYECTO-TECHNOTANKERS\DESARROLLO\HEROKU\BACKEND\jwt-security\target\classes started by ENVY in C:\Users\ENVY\Desktop\TECHNOTANKERS\PROYECTO-TECHNOTANKERS\DESARROLLO\HEROKU\BACKEND\jwt-security)
2022-09-11 13:04:31.884-03:00  INFO [main] [traceId: ] c.p.ttk.admision.TtkAdmisionApplication  : No active profile set, falling back to default profiles: default
2022-09-11 13:04:32.918-03:00  INFO [main] [traceId: ] .s.d.r.c.RepositoryConfigurationDelegate : Bootstrapping Spring Data JPA repositories in DEFAULT mode.
2022-09-11 13:04:33.009-03:00  INFO [main] [traceId: ] .s.d.r.c.RepositoryConfigurationDelegate : Finished Spring Data repository scanning in 77ms. Found 2 JPA repository interfaces.
2022-09-11 13:04:33.441-03:00  INFO [main] [traceId: ] trationDelegate$BeanPostProcessorChecker : Bean 'org.springframework.transaction.annotation.ProxyTransactionManagementConfiguration' of type [org.springframework.transaction.annotation.ProxyTransactionManagementConfiguration] is not eligible for getting processed by all BeanPostProcessors (for example: not eligible for auto-proxying)
2022-09-11 13:04:33.464-03:00  INFO [main] [traceId: ] trationDelegate$BeanPostProcessorChecker : Bean 'org.springframework.security.config.annotation.configuration.ObjectPostProcessorConfiguration' of type [org.springframework.security.config.annotation.configuration.ObjectPostProcessorConfiguration] is not eligible for getting processed by all BeanPostProcessors (for example: not eligible for auto-proxying)
2022-09-11 13:04:33.467-03:00  INFO [main] [traceId: ] trationDelegate$BeanPostProcessorChecker : Bean 'objectPostProcessor' of type [org.springframework.security.config.annotation.configuration.AutowireBeanFactoryObjectPostProcessor] is not eligible for getting processed by all BeanPostProcessors (for example: not eligible for auto-proxying)
2022-09-11 13:04:33.469-03:00  INFO [main] [traceId: ] trationDelegate$BeanPostProcessorChecker : Bean 'org.springframework.security.access.expression.method.DefaultMethodSecurityExpressionHandler@28ee0a3c' of type [org.springframework.security.access.expression.method.DefaultMethodSecurityExpressionHandler] is not eligible for getting processed by all BeanPostProcessors (for example: not eligible for auto-proxying)
2022-09-11 13:04:33.470-03:00  INFO [main] [traceId: ] trationDelegate$BeanPostProcessorChecker : Bean 'org.springframework.security.config.annotation.method.configuration.GlobalMethodSecurityConfiguration' of type [org.springframework.security.config.annotation.method.configuration.GlobalMethodSecurityConfiguration] is not eligible for getting processed by all BeanPostProcessors (for example: not eligible for auto-proxying)
2022-09-11 13:04:33.473-03:00  INFO [main] [traceId: ] trationDelegate$BeanPostProcessorChecker : Bean 'methodSecurityMetadataSource' of type [org.springframework.security.access.method.DelegatingMethodSecurityMetadataSource] is not eligible for getting processed by all BeanPostProcessors (for example: not eligible for auto-proxying)
2022-09-11 13:04:33.980-03:00  INFO [main] [traceId: ] o.s.b.w.embedded.tomcat.TomcatWebServer  : Tomcat initialized with port(s): 8080 (http)
2022-09-11 13:04:33.996-03:00  INFO [main] [traceId: ] o.apache.catalina.core.StandardService   : Starting service [Tomcat]
2022-09-11 13:04:33.997-03:00  INFO [main] [traceId: ] org.apache.catalina.core.StandardEngine  : Starting Servlet engine: [Apache Tomcat/9.0.29]
2022-09-11 13:04:34.156-03:00  INFO [main] [traceId: ] o.a.c.c.C.[Tomcat].[localhost].[/]       : Initializing Spring embedded WebApplicationContext
2022-09-11 13:04:34.157-03:00  INFO [main] [traceId: ] o.s.web.context.ContextLoader            : Root WebApplicationContext: initialization completed in 2220 ms
2022-09-11 13:04:34.245-03:00  WARN [main] [traceId: ] JpaBaseConfiguration$JpaWebConfiguration : spring.jpa.open-in-view is enabled by default. Therefore, database queries may be performed during view rendering. Explicitly configure spring.jpa.open-in-view to disable this warning
2022-09-11 13:04:34.388-03:00  INFO [main] [traceId: ] o.hibernate.jpa.internal.util.LogHelper  : HHH000204: Processing PersistenceUnitInfo [name: default]
2022-09-11 13:04:34.478-03:00  INFO [main] [traceId: ] org.hibernate.Version                    : HHH000412: Hibernate Core {5.4.9.Final}
2022-09-11 13:04:34.634-03:00  INFO [main] [traceId: ] o.hibernate.annotations.common.Version   : HCANN000001: Hibernate Commons Annotations {5.1.0.Final}
2022-09-11 13:04:34.755-03:00  INFO [main] [traceId: ] com.zaxxer.hikari.HikariDataSource       : HikariPool-1 - Starting...
2022-09-11 13:04:34.988-03:00  INFO [main] [traceId: ] com.zaxxer.hikari.HikariDataSource       : HikariPool-1 - Start completed.
2022-09-11 13:04:35.016-03:00  INFO [main] [traceId: ] org.hibernate.dialect.Dialect            : HHH000400: Using dialect: org.hibernate.dialect.PostgreSQLDialect
2022-09-11 13:04:35.821-03:00  INFO [main] [traceId: ] o.h.e.t.j.p.i.JtaPlatformInitiator       : HHH000490: Using JtaPlatform implementation: [org.hibernate.engine.transaction.jta.platform.internal.NoJtaPlatform]
2022-09-11 13:04:35.829-03:00  INFO [main] [traceId: ] j.LocalContainerEntityManagerFactoryBean : Initialized JPA EntityManagerFactory for persistence unit 'default'
2022-09-11 13:04:37.254-03:00  INFO [main] [traceId: ] o.s.s.web.DefaultSecurityFilterChain     : Creating filter chain: any request, [org.springframework.security.web.context.request.async.WebAsyncManagerIntegrationFilter@3f119b55, org.springframework.security.web.context.SecurityContextPersistenceFilter@74f9004c, org.springframework.security.web.header.HeaderWriterFilter@23974cac, org.springframework.web.filter.CorsFilter@64dcfd09, org.springframework.security.web.authentication.logout.LogoutFilter@686ace1f, JwtTokenFilter@21251e43, org.springframework.security.web.savedrequest.RequestCacheAwareFilter@34947355, org.springframework.security.web.servletapi.SecurityContextHolderAwareRequestFilter@5e528476, org.springframework.security.web.authentication.AnonymousAuthenticationFilter@fefd4a2, org.springframework.security.web.session.SessionManagementFilter@55b5ce0f, org.springframework.security.web.access.ExceptionTranslationFilter@3d6c7152, org.springframework.security.web.access.intercept.FilterSecurityInterceptor@42eaf47f]
2022-09-11 13:04:37.340-03:00  INFO [main] [traceId: ] o.s.s.concurrent.ThreadPoolTaskExecutor  : Initializing ExecutorService 'applicationTaskExecutor'
2022-09-11 13:04:37.958-03:00  INFO [main] [traceId: ] o.s.b.w.embedded.tomcat.TomcatWebServer  : Tomcat started on port(s): 8080 (http) with context path ''
2022-09-11 13:04:37.963-03:00  INFO [main] [traceId: ] c.p.ttk.admision.TtkAdmisionApplication  : Started TtkAdmisionApplication in 6.416 seconds (JVM running for 7.212)
2022-09-11 13:08:14.128-03:00  INFO [SpringContextShutdownHook] [traceId: ] o.s.s.concurrent.ThreadPoolTaskExecutor  : Shutting down ExecutorService 'applicationTaskExecutor'
2022-09-11 13:08:14.134-03:00  INFO [SpringContextShutdownHook] [traceId: ] j.LocalContainerEntityManagerFactoryBean : Closing JPA EntityManagerFactory for persistence unit 'default'
2022-09-11 13:08:14.138-03:00  INFO [SpringContextShutdownHook] [traceId: ] com.zaxxer.hikari.HikariDataSource       : HikariPool-1 - Shutdown initiated...
2022-09-11 13:08:14.156-03:00  INFO [SpringContextShutdownHook] [traceId: ] com.zaxxer.hikari.HikariDataSource       : HikariPool-1 - Shutdown completed.
2022-09-11 13:09:37.559-03:00  INFO [main] [traceId: ] c.p.ttk.admision.TtkAdmisionApplication  : Starting TtkAdmisionApplication on LAPTOP-NTG74QU4 with PID 2608 (C:\Users\ENVY\Desktop\TECHNOTANKERS\PROYECTO-TECHNOTANKERS\DESARROLLO\HEROKU\BACKEND\jwt-security\target\classes started by ENVY in C:\Users\ENVY\Desktop\TECHNOTANKERS\PROYECTO-TECHNOTANKERS\DESARROLLO\HEROKU\BACKEND\jwt-security)
2022-09-11 13:09:37.563-03:00  INFO [main] [traceId: ] c.p.ttk.admision.TtkAdmisionApplication  : No active profile set, falling back to default profiles: default
2022-09-11 13:09:38.561-03:00  INFO [main] [traceId: ] .s.d.r.c.RepositoryConfigurationDelegate : Bootstrapping Spring Data JPA repositories in DEFAULT mode.
2022-09-11 13:09:38.647-03:00  INFO [main] [traceId: ] .s.d.r.c.RepositoryConfigurationDelegate : Finished Spring Data repository scanning in 78ms. Found 2 JPA repository interfaces.
2022-09-11 13:09:39.133-03:00  INFO [main] [traceId: ] trationDelegate$BeanPostProcessorChecker : Bean 'org.springframework.transaction.annotation.ProxyTransactionManagementConfiguration' of type [org.springframework.transaction.annotation.ProxyTransactionManagementConfiguration] is not eligible for getting processed by all BeanPostProcessors (for example: not eligible for auto-proxying)
2022-09-11 13:09:39.163-03:00  INFO [main] [traceId: ] trationDelegate$BeanPostProcessorChecker : Bean 'org.springframework.security.config.annotation.configuration.ObjectPostProcessorConfiguration' of type [org.springframework.security.config.annotation.configuration.ObjectPostProcessorConfiguration] is not eligible for getting processed by all BeanPostProcessors (for example: not eligible for auto-proxying)
2022-09-11 13:09:39.166-03:00  INFO [main] [traceId: ] trationDelegate$BeanPostProcessorChecker : Bean 'objectPostProcessor' of type [org.springframework.security.config.annotation.configuration.AutowireBeanFactoryObjectPostProcessor] is not eligible for getting processed by all BeanPostProcessors (for example: not eligible for auto-proxying)
2022-09-11 13:09:39.168-03:00  INFO [main] [traceId: ] trationDelegate$BeanPostProcessorChecker : Bean 'org.springframework.security.access.expression.method.DefaultMethodSecurityExpressionHandler@4b41587d' of type [org.springframework.security.access.expression.method.DefaultMethodSecurityExpressionHandler] is not eligible for getting processed by all BeanPostProcessors (for example: not eligible for auto-proxying)
2022-09-11 13:09:39.170-03:00  INFO [main] [traceId: ] trationDelegate$BeanPostProcessorChecker : Bean 'org.springframework.security.config.annotation.method.configuration.GlobalMethodSecurityConfiguration' of type [org.springframework.security.config.annotation.method.configuration.GlobalMethodSecurityConfiguration] is not eligible for getting processed by all BeanPostProcessors (for example: not eligible for auto-proxying)
2022-09-11 13:09:39.173-03:00  INFO [main] [traceId: ] trationDelegate$BeanPostProcessorChecker : Bean 'methodSecurityMetadataSource' of type [org.springframework.security.access.method.DelegatingMethodSecurityMetadataSource] is not eligible for getting processed by all BeanPostProcessors (for example: not eligible for auto-proxying)
2022-09-11 13:09:39.709-03:00  INFO [main] [traceId: ] o.s.b.w.embedded.tomcat.TomcatWebServer  : Tomcat initialized with port(s): 8080 (http)
2022-09-11 13:09:39.725-03:00  INFO [main] [traceId: ] o.apache.catalina.core.StandardService   : Starting service [Tomcat]
2022-09-11 13:09:39.726-03:00  INFO [main] [traceId: ] org.apache.catalina.core.StandardEngine  : Starting Servlet engine: [Apache Tomcat/9.0.29]
2022-09-11 13:09:39.881-03:00  INFO [main] [traceId: ] o.a.c.c.C.[Tomcat].[localhost].[/]       : Initializing Spring embedded WebApplicationContext
2022-09-11 13:09:39.882-03:00  INFO [main] [traceId: ] o.s.web.context.ContextLoader            : Root WebApplicationContext: initialization completed in 2273 ms
2022-09-11 13:09:39.961-03:00  WARN [main] [traceId: ] JpaBaseConfiguration$JpaWebConfiguration : spring.jpa.open-in-view is enabled by default. Therefore, database queries may be performed during view rendering. Explicitly configure spring.jpa.open-in-view to disable this warning
2022-09-11 13:09:40.141-03:00  INFO [main] [traceId: ] o.hibernate.jpa.internal.util.LogHelper  : HHH000204: Processing PersistenceUnitInfo [name: default]
2022-09-11 13:09:40.237-03:00  INFO [main] [traceId: ] org.hibernate.Version                    : HHH000412: Hibernate Core {5.4.9.Final}
2022-09-11 13:09:40.399-03:00  INFO [main] [traceId: ] o.hibernate.annotations.common.Version   : HCANN000001: Hibernate Commons Annotations {5.1.0.Final}
2022-09-11 13:09:40.524-03:00  INFO [main] [traceId: ] com.zaxxer.hikari.HikariDataSource       : HikariPool-1 - Starting...
2022-09-11 13:09:40.794-03:00  INFO [main] [traceId: ] com.zaxxer.hikari.HikariDataSource       : HikariPool-1 - Start completed.
2022-09-11 13:09:40.818-03:00  INFO [main] [traceId: ] org.hibernate.dialect.Dialect            : HHH000400: Using dialect: org.hibernate.dialect.PostgreSQLDialect
2022-09-11 13:09:41.835-03:00  INFO [main] [traceId: ] o.h.e.t.j.p.i.JtaPlatformInitiator       : HHH000490: Using JtaPlatform implementation: [org.hibernate.engine.transaction.jta.platform.internal.NoJtaPlatform]
2022-09-11 13:09:41.842-03:00  INFO [main] [traceId: ] j.LocalContainerEntityManagerFactoryBean : Initialized JPA EntityManagerFactory for persistence unit 'default'
2022-09-11 13:09:43.282-03:00  INFO [main] [traceId: ] o.s.s.web.DefaultSecurityFilterChain     : Creating filter chain: any request, [org.springframework.security.web.context.request.async.WebAsyncManagerIntegrationFilter@31aee6d9, org.springframework.security.web.context.SecurityContextPersistenceFilter@4ad57db1, org.springframework.security.web.header.HeaderWriterFilter@4117e0c9, org.springframework.web.filter.CorsFilter@7f0b2bf1, org.springframework.security.web.authentication.logout.LogoutFilter@7337f87e, JwtTokenFilter@33997e07, org.springframework.security.web.savedrequest.RequestCacheAwareFilter@53bc6492, org.springframework.security.web.servletapi.SecurityContextHolderAwareRequestFilter@5471342, org.springframework.security.web.authentication.AnonymousAuthenticationFilter@1a507ea0, org.springframework.security.web.session.SessionManagementFilter@48cebb78, org.springframework.security.web.access.ExceptionTranslationFilter@62ad5f35, org.springframework.security.web.access.intercept.FilterSecurityInterceptor@420dde28]
2022-09-11 13:09:43.351-03:00  INFO [main] [traceId: ] o.s.s.concurrent.ThreadPoolTaskExecutor  : Initializing ExecutorService 'applicationTaskExecutor'
2022-09-11 13:09:44.015-03:00  INFO [main] [traceId: ] o.s.b.w.embedded.tomcat.TomcatWebServer  : Tomcat started on port(s): 8080 (http) with context path ''
2022-09-11 13:09:44.019-03:00  INFO [main] [traceId: ] c.p.ttk.admision.TtkAdmisionApplication  : Started TtkAdmisionApplication in 6.836 seconds (JVM running for 7.677)
2022-09-11 13:09:45.876-03:00  INFO [SpringContextShutdownHook] [traceId: ] o.s.s.concurrent.ThreadPoolTaskExecutor  : Shutting down ExecutorService 'applicationTaskExecutor'
2022-09-11 13:09:45.881-03:00  INFO [SpringContextShutdownHook] [traceId: ] j.LocalContainerEntityManagerFactoryBean : Closing JPA EntityManagerFactory for persistence unit 'default'
2022-09-11 13:09:45.882-03:00  INFO [SpringContextShutdownHook] [traceId: ] com.zaxxer.hikari.HikariDataSource       : HikariPool-1 - Shutdown initiated...
2022-09-11 13:09:45.893-03:00  INFO [SpringContextShutdownHook] [traceId: ] com.zaxxer.hikari.HikariDataSource       : HikariPool-1 - Shutdown completed.
2022-09-11 13:10:08.542-03:00  INFO [main] [traceId: ] .b.t.c.SpringBootTestContextBootstrapper : Neither @ContextConfiguration nor @ContextHierarchy found for test class [CrudApplicationTests], using SpringBootContextLoader
2022-09-11 13:10:08.550-03:00  INFO [main] [traceId: ] o.s.t.c.support.AbstractContextLoader    : Could not detect default resource locations for test class [CrudApplicationTests]: no resource found for suffixes {-context.xml, Context.groovy}.
2022-09-11 13:10:08.551-03:00  INFO [main] [traceId: ] t.c.s.AnnotationConfigContextLoaderUtils : Could not detect default configuration classes for test class [CrudApplicationTests]: CrudApplicationTests does not declare any static, non-private, non-final, nested classes annotated with @Configuration.
2022-09-11 13:10:08.642-03:00  INFO [main] [traceId: ] .b.t.c.SpringBootTestContextBootstrapper : Found @SpringBootConfiguration TtkAdmisionApplication for test class CrudApplicationTests
2022-09-11 13:10:08.734-03:00  INFO [main] [traceId: ] .b.t.c.SpringBootTestContextBootstrapper : Loaded default TestExecutionListener class names from location [META-INF/spring.factories]: [org.springframework.boot.test.mock.mockito.MockitoTestExecutionListener, org.springframework.boot.test.mock.mockito.ResetMocksTestExecutionListener, org.springframework.boot.test.autoconfigure.restdocs.RestDocsTestExecutionListener, org.springframework.boot.test.autoconfigure.web.client.MockRestServiceServerResetTestExecutionListener, org.springframework.boot.test.autoconfigure.web.servlet.MockMvcPrintOnlyOnFailureTestExecutionListener, org.springframework.boot.test.autoconfigure.web.servlet.WebDriverTestExecutionListener, org.springframework.test.context.web.ServletTestExecutionListener, org.springframework.test.context.support.DirtiesContextBeforeModesTestExecutionListener, org.springframework.test.context.support.DependencyInjectionTestExecutionListener, org.springframework.test.context.support.DirtiesContextTestExecutionListener, org.springframework.test.context.transaction.TransactionalTestExecutionListener, org.springframework.test.context.jdbc.SqlScriptsTestExecutionListener, org.springframework.test.context.event.EventPublishingTestExecutionListener]
2022-09-11 13:10:08.748-03:00  INFO [main] [traceId: ] .b.t.c.SpringBootTestContextBootstrapper : Using TestExecutionListeners: [org.springframework.test.context.web.ServletTestExecutionListener@5d8445d7, org.springframework.test.context.support.DirtiesContextBeforeModesTestExecutionListener@37d80fe7, org.springframework.boot.test.mock.mockito.MockitoTestExecutionListener@384fc774, org.springframework.boot.test.autoconfigure.SpringBootDependencyInjectionTestExecutionListener@e3cee7b, org.springframework.test.context.support.DirtiesContextTestExecutionListener@71e9a896, org.springframework.test.context.transaction.TransactionalTestExecutionListener@6b9267b, org.springframework.test.context.jdbc.SqlScriptsTestExecutionListener@408b35bf, org.springframework.test.context.event.EventPublishingTestExecutionListener@29ad44e3, org.springframework.boot.test.mock.mockito.ResetMocksTestExecutionListener@15bcf458, org.springframework.boot.test.autoconfigure.restdocs.RestDocsTestExecutionListener@5af9926a, org.springframework.boot.test.autoconfigure.web.client.MockRestServiceServerResetTestExecutionListener@43c67247, org.springframework.boot.test.autoconfigure.web.servlet.MockMvcPrintOnlyOnFailureTestExecutionListener@fac80, org.springframework.boot.test.autoconfigure.web.servlet.WebDriverTestExecutionListener@726386ed]
2022-09-11 13:10:09.014-03:00  INFO [main] [traceId: ] c.pe.ttk.admision.CrudApplicationTests   : Starting CrudApplicationTests on LAPTOP-NTG74QU4 with PID 3640 (started by ENVY in C:\Users\ENVY\Desktop\TECHNOTANKERS\PROYECTO-TECHNOTANKERS\DESARROLLO\HEROKU\BACKEND\jwt-security)
2022-09-11 13:10:09.015-03:00  INFO [main] [traceId: ] c.pe.ttk.admision.CrudApplicationTests   : No active profile set, falling back to default profiles: default
2022-09-11 13:10:10.171-03:00  INFO [main] [traceId: ] .s.d.r.c.RepositoryConfigurationDelegate : Bootstrapping Spring Data JPA repositories in DEFAULT mode.
2022-09-11 13:10:10.271-03:00  INFO [main] [traceId: ] .s.d.r.c.RepositoryConfigurationDelegate : Finished Spring Data repository scanning in 90ms. Found 2 JPA repository interfaces.
2022-09-11 13:10:10.908-03:00  INFO [main] [traceId: ] trationDelegate$BeanPostProcessorChecker : Bean 'org.springframework.transaction.annotation.ProxyTransactionManagementConfiguration' of type [org.springframework.transaction.annotation.ProxyTransactionManagementConfiguration] is not eligible for getting processed by all BeanPostProcessors (for example: not eligible for auto-proxying)
2022-09-11 13:10:10.952-03:00  INFO [main] [traceId: ] trationDelegate$BeanPostProcessorChecker : Bean 'org.springframework.security.config.annotation.configuration.ObjectPostProcessorConfiguration' of type [org.springframework.security.config.annotation.configuration.ObjectPostProcessorConfiguration] is not eligible for getting processed by all BeanPostProcessors (for example: not eligible for auto-proxying)
2022-09-11 13:10:10.962-03:00  INFO [main] [traceId: ] trationDelegate$BeanPostProcessorChecker : Bean 'objectPostProcessor' of type [org.springframework.security.config.annotation.configuration.AutowireBeanFactoryObjectPostProcessor] is not eligible for getting processed by all BeanPostProcessors (for example: not eligible for auto-proxying)
2022-09-11 13:10:10.964-03:00  INFO [main] [traceId: ] trationDelegate$BeanPostProcessorChecker : Bean 'org.springframework.security.access.expression.method.DefaultMethodSecurityExpressionHandler@aa752bb' of type [org.springframework.security.access.expression.method.DefaultMethodSecurityExpressionHandler] is not eligible for getting processed by all BeanPostProcessors (for example: not eligible for auto-proxying)
2022-09-11 13:10:10.970-03:00  INFO [main] [traceId: ] trationDelegate$BeanPostProcessorChecker : Bean 'org.springframework.security.config.annotation.method.configuration.GlobalMethodSecurityConfiguration' of type [org.springframework.security.config.annotation.method.configuration.GlobalMethodSecurityConfiguration] is not eligible for getting processed by all BeanPostProcessors (for example: not eligible for auto-proxying)
2022-09-11 13:10:10.979-03:00  INFO [main] [traceId: ] trationDelegate$BeanPostProcessorChecker : Bean 'methodSecurityMetadataSource' of type [org.springframework.security.access.method.DelegatingMethodSecurityMetadataSource] is not eligible for getting processed by all BeanPostProcessors (for example: not eligible for auto-proxying)
2022-09-11 13:10:11.253-03:00  INFO [main] [traceId: ] o.hibernate.jpa.internal.util.LogHelper  : HHH000204: Processing PersistenceUnitInfo [name: default]
2022-09-11 13:10:11.348-03:00  INFO [main] [traceId: ] org.hibernate.Version                    : HHH000412: Hibernate Core {5.4.9.Final}
2022-09-11 13:10:11.532-03:00  INFO [main] [traceId: ] o.hibernate.annotations.common.Version   : HCANN000001: Hibernate Commons Annotations {5.1.0.Final}
2022-09-11 13:10:11.896-03:00  INFO [main] [traceId: ] com.zaxxer.hikari.HikariDataSource       : HikariPool-1 - Starting...
2022-09-11 13:10:12.133-03:00  INFO [main] [traceId: ] com.zaxxer.hikari.HikariDataSource       : HikariPool-1 - Start completed.
2022-09-11 13:10:12.166-03:00  INFO [main] [traceId: ] org.hibernate.dialect.Dialect            : HHH000400: Using dialect: org.hibernate.dialect.PostgreSQLDialect
2022-09-11 13:10:13.474-03:00  INFO [main] [traceId: ] o.h.e.t.j.p.i.JtaPlatformInitiator       : HHH000490: Using JtaPlatform implementation: [org.hibernate.engine.transaction.jta.platform.internal.NoJtaPlatform]
2022-09-11 13:10:13.485-03:00  INFO [main] [traceId: ] j.LocalContainerEntityManagerFactoryBean : Initialized JPA EntityManagerFactory for persistence unit 'default'
2022-09-11 13:10:13.595-03:00  WARN [main] [traceId: ] JpaBaseConfiguration$JpaWebConfiguration : spring.jpa.open-in-view is enabled by default. Therefore, database queries may be performed during view rendering. Explicitly configure spring.jpa.open-in-view to disable this warning
2022-09-11 13:10:16.059-03:00  INFO [main] [traceId: ] o.s.s.web.DefaultSecurityFilterChain     : Creating filter chain: any request, [org.springframework.security.web.context.request.async.WebAsyncManagerIntegrationFilter@7c070e78, org.springframework.security.web.context.SecurityContextPersistenceFilter@4c897417, org.springframework.security.web.header.HeaderWriterFilter@6e8426aa, org.springframework.web.filter.CorsFilter@63ead376, org.springframework.security.web.authentication.logout.LogoutFilter@3fecdd00, JwtTokenFilter@549b26d7, org.springframework.security.web.savedrequest.RequestCacheAwareFilter@19c578bf, org.springframework.security.web.servletapi.SecurityContextHolderAwareRequestFilter@2e7cd4bb, org.springframework.security.web.authentication.AnonymousAuthenticationFilter@1a1d7832, org.springframework.security.web.session.SessionManagementFilter@5ce7ab6f, org.springframework.security.web.access.ExceptionTranslationFilter@13446044, org.springframework.security.web.access.intercept.FilterSecurityInterceptor@6441da2c]
2022-09-11 13:10:16.348-03:00  INFO [main] [traceId: ] o.s.s.concurrent.ThreadPoolTaskExecutor  : Initializing ExecutorService 'applicationTaskExecutor'
2022-09-11 13:10:17.361-03:00  INFO [main] [traceId: ] c.pe.ttk.admision.CrudApplicationTests   : Started CrudApplicationTests in 8.576 seconds (JVM running for 9.757)
2022-09-11 13:10:17.568-03:00  INFO [SpringContextShutdownHook] [traceId: ] o.s.s.concurrent.ThreadPoolTaskExecutor  : Shutting down ExecutorService 'applicationTaskExecutor'
2022-09-11 13:10:17.575-03:00  INFO [SpringContextShutdownHook] [traceId: ] j.LocalContainerEntityManagerFactoryBean : Closing JPA EntityManagerFactory for persistence unit 'default'
2022-09-11 13:10:17.578-03:00  INFO [SpringContextShutdownHook] [traceId: ] com.zaxxer.hikari.HikariDataSource       : HikariPool-1 - Shutdown initiated...
2022-09-11 13:10:17.588-03:00  INFO [SpringContextShutdownHook] [traceId: ] com.zaxxer.hikari.HikariDataSource       : HikariPool-1 - Shutdown completed.
2022-09-11 13:28:35.082-03:00  INFO [main] [traceId: ] c.p.ttk.admision.TtkAdmisionApplication  : Starting TtkAdmisionApplication on LAPTOP-NTG74QU4 with PID 14048 (C:\Users\ENVY\Desktop\TECHNOTANKERS\PROYECTO-TECHNOTANKERS\DESARROLLO\HEROKU\BACKEND\jwt-security\target\classes started by ENVY in C:\Users\ENVY\Desktop\TECHNOTANKERS\PROYECTO-TECHNOTANKERS\DESARROLLO\HEROKU\BACKEND\jwt-security)
2022-09-11 13:28:35.088-03:00  INFO [main] [traceId: ] c.p.ttk.admision.TtkAdmisionApplication  : No active profile set, falling back to default profiles: default
2022-09-11 13:28:36.145-03:00  INFO [main] [traceId: ] .s.d.r.c.RepositoryConfigurationDelegate : Bootstrapping Spring Data JPA repositories in DEFAULT mode.
2022-09-11 13:28:36.238-03:00  INFO [main] [traceId: ] .s.d.r.c.RepositoryConfigurationDelegate : Finished Spring Data repository scanning in 79ms. Found 2 JPA repository interfaces.
2022-09-11 13:28:36.784-03:00  INFO [main] [traceId: ] trationDelegate$BeanPostProcessorChecker : Bean 'org.springframework.transaction.annotation.ProxyTransactionManagementConfiguration' of type [org.springframework.transaction.annotation.ProxyTransactionManagementConfiguration] is not eligible for getting processed by all BeanPostProcessors (for example: not eligible for auto-proxying)
2022-09-11 13:28:36.812-03:00  INFO [main] [traceId: ] trationDelegate$BeanPostProcessorChecker : Bean 'org.springframework.security.config.annotation.configuration.ObjectPostProcessorConfiguration' of type [org.springframework.security.config.annotation.configuration.ObjectPostProcessorConfiguration] is not eligible for getting processed by all BeanPostProcessors (for example: not eligible for auto-proxying)
2022-09-11 13:28:36.816-03:00  INFO [main] [traceId: ] trationDelegate$BeanPostProcessorChecker : Bean 'objectPostProcessor' of type [org.springframework.security.config.annotation.configuration.AutowireBeanFactoryObjectPostProcessor] is not eligible for getting processed by all BeanPostProcessors (for example: not eligible for auto-proxying)
2022-09-11 13:28:36.818-03:00  INFO [main] [traceId: ] trationDelegate$BeanPostProcessorChecker : Bean 'org.springframework.security.access.expression.method.DefaultMethodSecurityExpressionHandler@446e7065' of type [org.springframework.security.access.expression.method.DefaultMethodSecurityExpressionHandler] is not eligible for getting processed by all BeanPostProcessors (for example: not eligible for auto-proxying)
2022-09-11 13:28:36.820-03:00  INFO [main] [traceId: ] trationDelegate$BeanPostProcessorChecker : Bean 'org.springframework.security.config.annotation.method.configuration.GlobalMethodSecurityConfiguration' of type [org.springframework.security.config.annotation.method.configuration.GlobalMethodSecurityConfiguration] is not eligible for getting processed by all BeanPostProcessors (for example: not eligible for auto-proxying)
2022-09-11 13:28:36.825-03:00  INFO [main] [traceId: ] trationDelegate$BeanPostProcessorChecker : Bean 'methodSecurityMetadataSource' of type [org.springframework.security.access.method.DelegatingMethodSecurityMetadataSource] is not eligible for getting processed by all BeanPostProcessors (for example: not eligible for auto-proxying)
2022-09-11 13:28:37.366-03:00  INFO [main] [traceId: ] o.s.b.w.embedded.tomcat.TomcatWebServer  : Tomcat initialized with port(s): 8080 (http)
2022-09-11 13:28:37.380-03:00  INFO [main] [traceId: ] o.apache.catalina.core.StandardService   : Starting service [Tomcat]
2022-09-11 13:28:37.381-03:00  INFO [main] [traceId: ] org.apache.catalina.core.StandardEngine  : Starting Servlet engine: [Apache Tomcat/9.0.29]
2022-09-11 13:28:37.693-03:00  INFO [main] [traceId: ] o.a.c.c.C.[Tomcat].[localhost].[/]       : Initializing Spring embedded WebApplicationContext
2022-09-11 13:28:37.694-03:00  INFO [main] [traceId: ] o.s.web.context.ContextLoader            : Root WebApplicationContext: initialization completed in 2556 ms
2022-09-11 13:28:37.789-03:00  WARN [main] [traceId: ] JpaBaseConfiguration$JpaWebConfiguration : spring.jpa.open-in-view is enabled by default. Therefore, database queries may be performed during view rendering. Explicitly configure spring.jpa.open-in-view to disable this warning
2022-09-11 13:28:37.984-03:00  INFO [main] [traceId: ] o.hibernate.jpa.internal.util.LogHelper  : HHH000204: Processing PersistenceUnitInfo [name: default]
2022-09-11 13:28:38.104-03:00  INFO [main] [traceId: ] org.hibernate.Version                    : HHH000412: Hibernate Core {5.4.9.Final}
2022-09-11 13:28:38.288-03:00  INFO [main] [traceId: ] o.hibernate.annotations.common.Version   : HCANN000001: Hibernate Commons Annotations {5.1.0.Final}
2022-09-11 13:28:38.421-03:00  INFO [main] [traceId: ] com.zaxxer.hikari.HikariDataSource       : HikariPool-1 - Starting...
2022-09-11 13:28:38.696-03:00  INFO [main] [traceId: ] com.zaxxer.hikari.HikariDataSource       : HikariPool-1 - Start completed.
2022-09-11 13:28:38.719-03:00  INFO [main] [traceId: ] org.hibernate.dialect.Dialect            : HHH000400: Using dialect: org.hibernate.dialect.PostgreSQLDialect
2022-09-11 13:28:39.777-03:00  INFO [main] [traceId: ] o.h.e.t.j.p.i.JtaPlatformInitiator       : HHH000490: Using JtaPlatform implementation: [org.hibernate.engine.transaction.jta.platform.internal.NoJtaPlatform]
2022-09-11 13:28:39.786-03:00  INFO [main] [traceId: ] j.LocalContainerEntityManagerFactoryBean : Initialized JPA EntityManagerFactory for persistence unit 'default'
2022-09-11 13:28:41.129-03:00  INFO [main] [traceId: ] o.s.s.web.DefaultSecurityFilterChain     : Creating filter chain: any request, [org.springframework.security.web.context.request.async.WebAsyncManagerIntegrationFilter@1e60890c, org.springframework.security.web.context.SecurityContextPersistenceFilter@57d0c779, org.springframework.security.web.header.HeaderWriterFilter@7c855ef0, org.springframework.web.filter.CorsFilter@c680819, org.springframework.security.web.authentication.logout.LogoutFilter@3c83e9ca, JwtTokenFilter@71c69628, org.springframework.security.web.savedrequest.RequestCacheAwareFilter@2f16c21f, org.springframework.security.web.servletapi.SecurityContextHolderAwareRequestFilter@3abd7b20, org.springframework.security.web.authentication.AnonymousAuthenticationFilter@52cda4bd, org.springframework.security.web.session.SessionManagementFilter@44bb6856, org.springframework.security.web.access.ExceptionTranslationFilter@6980fa39, org.springframework.security.web.access.intercept.FilterSecurityInterceptor@3be2ef56]
2022-09-11 13:28:41.203-03:00  INFO [main] [traceId: ] o.s.s.concurrent.ThreadPoolTaskExecutor  : Initializing ExecutorService 'applicationTaskExecutor'
2022-09-11 13:28:41.303-03:00  WARN [main] [traceId: ] ion$DefaultTemplateResolverConfiguration : Cannot find template location: classpath:/templates/ (please add some templates or check your Thymeleaf configuration)
2022-09-11 13:28:41.841-03:00  INFO [main] [traceId: ] o.s.b.w.embedded.tomcat.TomcatWebServer  : Tomcat started on port(s): 8080 (http) with context path ''
2022-09-11 13:28:41.845-03:00  INFO [main] [traceId: ] c.p.ttk.admision.TtkAdmisionApplication  : Started TtkAdmisionApplication in 7.178 seconds (JVM running for 7.976)
2022-09-11 13:28:56.634-03:00  INFO [http-nio-8080-exec-1] [traceId: ] o.a.c.c.C.[Tomcat].[localhost].[/]       : Initializing Spring DispatcherServlet 'dispatcherServlet'
2022-09-11 13:28:56.637-03:00  INFO [http-nio-8080-exec-1] [traceId: ] o.s.web.servlet.DispatcherServlet        : Initializing Servlet 'dispatcherServlet'
2022-09-11 13:28:56.648-03:00  INFO [http-nio-8080-exec-1] [traceId: ] o.s.web.servlet.DispatcherServlet        : Completed initialization in 11 ms
2022-09-11 13:28:56.743-03:00 ERROR [http-nio-8080-exec-1] [traceId: ] c.p.t.admision.security.jwt.JwtProvider  : token fail en la firma
2022-09-11 13:29:42.001-03:00 ERROR [http-nio-8080-exec-5] [traceId: ] c.p.t.admision.security.jwt.JwtProvider  : token fail en la firma
2022-09-11 13:30:06.513-03:00  INFO [SpringContextShutdownHook] [traceId: ] o.s.s.concurrent.ThreadPoolTaskExecutor  : Shutting down ExecutorService 'applicationTaskExecutor'
2022-09-11 13:30:06.519-03:00  INFO [SpringContextShutdownHook] [traceId: ] j.LocalContainerEntityManagerFactoryBean : Closing JPA EntityManagerFactory for persistence unit 'default'
2022-09-11 13:30:06.525-03:00  INFO [SpringContextShutdownHook] [traceId: ] com.zaxxer.hikari.HikariDataSource       : HikariPool-1 - Shutdown initiated...
2022-09-11 13:30:06.553-03:00  INFO [SpringContextShutdownHook] [traceId: ] com.zaxxer.hikari.HikariDataSource       : HikariPool-1 - Shutdown completed.
2022-09-11 13:30:12.684-03:00  INFO [main] [traceId: ] c.p.ttk.admision.TtkAdmisionApplication  : Starting TtkAdmisionApplication on LAPTOP-NTG74QU4 with PID 7324 (C:\Users\ENVY\Desktop\TECHNOTANKERS\PROYECTO-TECHNOTANKERS\DESARROLLO\HEROKU\BACKEND\jwt-security\target\classes started by ENVY in C:\Users\ENVY\Desktop\TECHNOTANKERS\PROYECTO-TECHNOTANKERS\DESARROLLO\HEROKU\BACKEND\jwt-security)
2022-09-11 13:30:12.688-03:00  INFO [main] [traceId: ] c.p.ttk.admision.TtkAdmisionApplication  : No active profile set, falling back to default profiles: default
2022-09-11 13:30:13.782-03:00  INFO [main] [traceId: ] .s.d.r.c.RepositoryConfigurationDelegate : Bootstrapping Spring Data JPA repositories in DEFAULT mode.
2022-09-11 13:30:13.879-03:00  INFO [main] [traceId: ] .s.d.r.c.RepositoryConfigurationDelegate : Finished Spring Data repository scanning in 87ms. Found 2 JPA repository interfaces.
2022-09-11 13:30:14.369-03:00  INFO [main] [traceId: ] trationDelegate$BeanPostProcessorChecker : Bean 'org.springframework.transaction.annotation.ProxyTransactionManagementConfiguration' of type [org.springframework.transaction.annotation.ProxyTransactionManagementConfiguration] is not eligible for getting processed by all BeanPostProcessors (for example: not eligible for auto-proxying)
2022-09-11 13:30:14.394-03:00  INFO [main] [traceId: ] trationDelegate$BeanPostProcessorChecker : Bean 'org.springframework.security.config.annotation.configuration.ObjectPostProcessorConfiguration' of type [org.springframework.security.config.annotation.configuration.ObjectPostProcessorConfiguration] is not eligible for getting processed by all BeanPostProcessors (for example: not eligible for auto-proxying)
2022-09-11 13:30:14.397-03:00  INFO [main] [traceId: ] trationDelegate$BeanPostProcessorChecker : Bean 'objectPostProcessor' of type [org.springframework.security.config.annotation.configuration.AutowireBeanFactoryObjectPostProcessor] is not eligible for getting processed by all BeanPostProcessors (for example: not eligible for auto-proxying)
2022-09-11 13:30:14.398-03:00  INFO [main] [traceId: ] trationDelegate$BeanPostProcessorChecker : Bean 'org.springframework.security.access.expression.method.DefaultMethodSecurityExpressionHandler@2dd1086' of type [org.springframework.security.access.expression.method.DefaultMethodSecurityExpressionHandler] is not eligible for getting processed by all BeanPostProcessors (for example: not eligible for auto-proxying)
2022-09-11 13:30:14.400-03:00  INFO [main] [traceId: ] trationDelegate$BeanPostProcessorChecker : Bean 'org.springframework.security.config.annotation.method.configuration.GlobalMethodSecurityConfiguration' of type [org.springframework.security.config.annotation.method.configuration.GlobalMethodSecurityConfiguration] is not eligible for getting processed by all BeanPostProcessors (for example: not eligible for auto-proxying)
2022-09-11 13:30:14.403-03:00  INFO [main] [traceId: ] trationDelegate$BeanPostProcessorChecker : Bean 'methodSecurityMetadataSource' of type [org.springframework.security.access.method.DelegatingMethodSecurityMetadataSource] is not eligible for getting processed by all BeanPostProcessors (for example: not eligible for auto-proxying)
2022-09-11 13:30:14.964-03:00  INFO [main] [traceId: ] o.s.b.w.embedded.tomcat.TomcatWebServer  : Tomcat initialized with port(s): 8080 (http)
2022-09-11 13:30:14.980-03:00  INFO [main] [traceId: ] o.apache.catalina.core.StandardService   : Starting service [Tomcat]
2022-09-11 13:30:14.980-03:00  INFO [main] [traceId: ] org.apache.catalina.core.StandardEngine  : Starting Servlet engine: [Apache Tomcat/9.0.29]
2022-09-11 13:30:15.217-03:00  INFO [main] [traceId: ] o.a.c.c.C.[Tomcat].[localhost].[/]       : Initializing Spring embedded WebApplicationContext
2022-09-11 13:30:15.217-03:00  INFO [main] [traceId: ] o.s.web.context.ContextLoader            : Root WebApplicationContext: initialization completed in 2479 ms
2022-09-11 13:30:15.289-03:00  WARN [main] [traceId: ] JpaBaseConfiguration$JpaWebConfiguration : spring.jpa.open-in-view is enabled by default. Therefore, database queries may be performed during view rendering. Explicitly configure spring.jpa.open-in-view to disable this warning
2022-09-11 13:30:15.464-03:00  INFO [main] [traceId: ] o.hibernate.jpa.internal.util.LogHelper  : HHH000204: Processing PersistenceUnitInfo [name: default]
2022-09-11 13:30:15.557-03:00  INFO [main] [traceId: ] org.hibernate.Version                    : HHH000412: Hibernate Core {5.4.9.Final}
2022-09-11 13:30:15.735-03:00  INFO [main] [traceId: ] o.hibernate.annotations.common.Version   : HCANN000001: Hibernate Commons Annotations {5.1.0.Final}
2022-09-11 13:30:15.876-03:00  INFO [main] [traceId: ] com.zaxxer.hikari.HikariDataSource       : HikariPool-1 - Starting...
2022-09-11 13:30:16.151-03:00  INFO [main] [traceId: ] com.zaxxer.hikari.HikariDataSource       : HikariPool-1 - Start completed.
2022-09-11 13:30:16.177-03:00  INFO [main] [traceId: ] org.hibernate.dialect.Dialect            : HHH000400: Using dialect: org.hibernate.dialect.PostgreSQLDialect
2022-09-11 13:30:17.312-03:00  INFO [main] [traceId: ] o.h.e.t.j.p.i.JtaPlatformInitiator       : HHH000490: Using JtaPlatform implementation: [org.hibernate.engine.transaction.jta.platform.internal.NoJtaPlatform]
2022-09-11 13:30:17.318-03:00  INFO [main] [traceId: ] j.LocalContainerEntityManagerFactoryBean : Initialized JPA EntityManagerFactory for persistence unit 'default'
2022-09-11 13:30:18.766-03:00  INFO [main] [traceId: ] o.s.s.web.DefaultSecurityFilterChain     : Creating filter chain: any request, [org.springframework.security.web.context.request.async.WebAsyncManagerIntegrationFilter@167ccc3c, org.springframework.security.web.context.SecurityContextPersistenceFilter@7a285418, org.springframework.security.web.header.HeaderWriterFilter@6aff157e, org.springframework.web.filter.CorsFilter@292b7a02, org.springframework.security.web.authentication.logout.LogoutFilter@7c045627, JwtTokenFilter@7dd847a2, org.springframework.security.web.savedrequest.RequestCacheAwareFilter@74471600, org.springframework.security.web.servletapi.SecurityContextHolderAwareRequestFilter@2314f013, org.springframework.security.web.authentication.AnonymousAuthenticationFilter@3e242137, org.springframework.security.web.session.SessionManagementFilter@4c682826, org.springframework.security.web.access.ExceptionTranslationFilter@7e9d171c, org.springframework.security.web.access.intercept.FilterSecurityInterceptor@3bbb3c84]
2022-09-11 13:30:18.848-03:00  INFO [main] [traceId: ] o.s.s.concurrent.ThreadPoolTaskExecutor  : Initializing ExecutorService 'applicationTaskExecutor'
2022-09-11 13:30:18.969-03:00  WARN [main] [traceId: ] ion$DefaultTemplateResolverConfiguration : Cannot find template location: classpath:/templates/ (please add some templates or check your Thymeleaf configuration)
2022-09-11 13:30:19.546-03:00  INFO [main] [traceId: ] o.s.b.w.embedded.tomcat.TomcatWebServer  : Tomcat started on port(s): 8080 (http) with context path ''
2022-09-11 13:30:19.551-03:00  INFO [main] [traceId: ] c.p.ttk.admision.TtkAdmisionApplication  : Started TtkAdmisionApplication in 7.242 seconds (JVM running for 8.035)
2022-09-11 13:30:22.307-03:00  INFO [http-nio-8080-exec-1] [traceId: ] o.a.c.c.C.[Tomcat].[localhost].[/]       : Initializing Spring DispatcherServlet 'dispatcherServlet'
2022-09-11 13:30:22.307-03:00  INFO [http-nio-8080-exec-1] [traceId: ] o.s.web.servlet.DispatcherServlet        : Initializing Servlet 'dispatcherServlet'
2022-09-11 13:30:22.318-03:00  INFO [http-nio-8080-exec-1] [traceId: ] o.s.web.servlet.DispatcherServlet        : Completed initialization in 10 ms
2022-09-11 13:30:22.413-03:00 ERROR [http-nio-8080-exec-1] [traceId: ] c.p.t.admision.security.jwt.JwtProvider  : token fail en la firma
2022-09-11 13:31:03.594-03:00 ERROR [http-nio-8080-exec-3] [traceId: ] c.p.t.admision.security.jwt.JwtProvider  : token fail en la firma
2022-09-11 13:32:13.515-03:00 ERROR [http-nio-8080-exec-5] [traceId: ] c.p.t.admision.security.jwt.JwtProvider  : token fail en la firma
2022-09-11 13:33:00.807-03:00 ERROR [http-nio-8080-exec-9] [traceId: ] c.p.t.admision.security.jwt.JwtProvider  : token fail en la firma
2022-09-11 13:33:11.465-03:00 ERROR [http-nio-8080-exec-10] [traceId: ] c.p.t.admision.security.jwt.JwtProvider  : token fail en la firma
2022-09-11 13:33:52.398-03:00  INFO [SpringContextShutdownHook] [traceId: ] o.s.s.concurrent.ThreadPoolTaskExecutor  : Shutting down ExecutorService 'applicationTaskExecutor'
2022-09-11 13:33:52.402-03:00  INFO [SpringContextShutdownHook] [traceId: ] j.LocalContainerEntityManagerFactoryBean : Closing JPA EntityManagerFactory for persistence unit 'default'
2022-09-11 13:33:52.406-03:00  INFO [SpringContextShutdownHook] [traceId: ] com.zaxxer.hikari.HikariDataSource       : HikariPool-1 - Shutdown initiated...
2022-09-11 13:33:52.417-03:00  INFO [SpringContextShutdownHook] [traceId: ] com.zaxxer.hikari.HikariDataSource       : HikariPool-1 - Shutdown completed.
2022-09-11 13:33:58.207-03:00  INFO [main] [traceId: ] c.p.ttk.admision.TtkAdmisionApplication  : Starting TtkAdmisionApplication on LAPTOP-NTG74QU4 with PID 12748 (C:\Users\ENVY\Desktop\TECHNOTANKERS\PROYECTO-TECHNOTANKERS\DESARROLLO\HEROKU\BACKEND\jwt-security\target\classes started by ENVY in C:\Users\ENVY\Desktop\TECHNOTANKERS\PROYECTO-TECHNOTANKERS\DESARROLLO\HEROKU\BACKEND\jwt-security)
2022-09-11 13:33:58.211-03:00  INFO [main] [traceId: ] c.p.ttk.admision.TtkAdmisionApplication  : No active profile set, falling back to default profiles: default
2022-09-11 13:33:59.189-03:00  INFO [main] [traceId: ] .s.d.r.c.RepositoryConfigurationDelegate : Bootstrapping Spring Data JPA repositories in DEFAULT mode.
2022-09-11 13:33:59.277-03:00  INFO [main] [traceId: ] .s.d.r.c.RepositoryConfigurationDelegate : Finished Spring Data repository scanning in 80ms. Found 2 JPA repository interfaces.
2022-09-11 13:33:59.734-03:00  INFO [main] [traceId: ] trationDelegate$BeanPostProcessorChecker : Bean 'org.springframework.transaction.annotation.ProxyTransactionManagementConfiguration' of type [org.springframework.transaction.annotation.ProxyTransactionManagementConfiguration] is not eligible for getting processed by all BeanPostProcessors (for example: not eligible for auto-proxying)
2022-09-11 13:33:59.762-03:00  INFO [main] [traceId: ] trationDelegate$BeanPostProcessorChecker : Bean 'org.springframework.security.config.annotation.configuration.ObjectPostProcessorConfiguration' of type [org.springframework.security.config.annotation.configuration.ObjectPostProcessorConfiguration] is not eligible for getting processed by all BeanPostProcessors (for example: not eligible for auto-proxying)
2022-09-11 13:33:59.765-03:00  INFO [main] [traceId: ] trationDelegate$BeanPostProcessorChecker : Bean 'objectPostProcessor' of type [org.springframework.security.config.annotation.configuration.AutowireBeanFactoryObjectPostProcessor] is not eligible for getting processed by all BeanPostProcessors (for example: not eligible for auto-proxying)
2022-09-11 13:33:59.767-03:00  INFO [main] [traceId: ] trationDelegate$BeanPostProcessorChecker : Bean 'org.springframework.security.access.expression.method.DefaultMethodSecurityExpressionHandler@31834a2b' of type [org.springframework.security.access.expression.method.DefaultMethodSecurityExpressionHandler] is not eligible for getting processed by all BeanPostProcessors (for example: not eligible for auto-proxying)
2022-09-11 13:33:59.767-03:00  INFO [main] [traceId: ] trationDelegate$BeanPostProcessorChecker : Bean 'org.springframework.security.config.annotation.method.configuration.GlobalMethodSecurityConfiguration' of type [org.springframework.security.config.annotation.method.configuration.GlobalMethodSecurityConfiguration] is not eligible for getting processed by all BeanPostProcessors (for example: not eligible for auto-proxying)
2022-09-11 13:33:59.770-03:00  INFO [main] [traceId: ] trationDelegate$BeanPostProcessorChecker : Bean 'methodSecurityMetadataSource' of type [org.springframework.security.access.method.DelegatingMethodSecurityMetadataSource] is not eligible for getting processed by all BeanPostProcessors (for example: not eligible for auto-proxying)
2022-09-11 13:34:00.298-03:00  INFO [main] [traceId: ] o.s.b.w.embedded.tomcat.TomcatWebServer  : Tomcat initialized with port(s): 8080 (http)
2022-09-11 13:34:00.316-03:00  INFO [main] [traceId: ] o.apache.catalina.core.StandardService   : Starting service [Tomcat]
2022-09-11 13:34:00.316-03:00  INFO [main] [traceId: ] org.apache.catalina.core.StandardEngine  : Starting Servlet engine: [Apache Tomcat/9.0.29]
2022-09-11 13:34:00.482-03:00  INFO [main] [traceId: ] o.a.c.c.C.[Tomcat].[localhost].[/]       : Initializing Spring embedded WebApplicationContext
2022-09-11 13:34:00.482-03:00  INFO [main] [traceId: ] o.s.web.context.ContextLoader            : Root WebApplicationContext: initialization completed in 2226 ms
2022-09-11 13:34:00.558-03:00  WARN [main] [traceId: ] JpaBaseConfiguration$JpaWebConfiguration : spring.jpa.open-in-view is enabled by default. Therefore, database queries may be performed during view rendering. Explicitly configure spring.jpa.open-in-view to disable this warning
2022-09-11 13:34:00.715-03:00  INFO [main] [traceId: ] o.hibernate.jpa.internal.util.LogHelper  : HHH000204: Processing PersistenceUnitInfo [name: default]
2022-09-11 13:34:00.810-03:00  INFO [main] [traceId: ] org.hibernate.Version                    : HHH000412: Hibernate Core {5.4.9.Final}
2022-09-11 13:34:00.989-03:00  INFO [main] [traceId: ] o.hibernate.annotations.common.Version   : HCANN000001: Hibernate Commons Annotations {5.1.0.Final}
2022-09-11 13:34:01.129-03:00  INFO [main] [traceId: ] com.zaxxer.hikari.HikariDataSource       : HikariPool-1 - Starting...
2022-09-11 13:34:01.369-03:00  INFO [main] [traceId: ] com.zaxxer.hikari.HikariDataSource       : HikariPool-1 - Start completed.
2022-09-11 13:34:01.395-03:00  INFO [main] [traceId: ] org.hibernate.dialect.Dialect            : HHH000400: Using dialect: org.hibernate.dialect.PostgreSQLDialect
2022-09-11 13:34:02.328-03:00  INFO [main] [traceId: ] o.h.e.t.j.p.i.JtaPlatformInitiator       : HHH000490: Using JtaPlatform implementation: [org.hibernate.engine.transaction.jta.platform.internal.NoJtaPlatform]
2022-09-11 13:34:02.334-03:00  INFO [main] [traceId: ] j.LocalContainerEntityManagerFactoryBean : Initialized JPA EntityManagerFactory for persistence unit 'default'
2022-09-11 13:34:03.774-03:00  INFO [main] [traceId: ] o.s.s.web.DefaultSecurityFilterChain     : Creating filter chain: any request, [org.springframework.security.web.context.request.async.WebAsyncManagerIntegrationFilter@6b3284, org.springframework.security.web.context.SecurityContextPersistenceFilter@4b517357, org.springframework.security.web.header.HeaderWriterFilter@3da12ba4, org.springframework.web.filter.CorsFilter@500beb9f, org.springframework.security.web.authentication.logout.LogoutFilter@2f16c21f, JwtTokenFilter@6bd8c398, org.springframework.security.web.savedrequest.RequestCacheAwareFilter@62d5617, org.springframework.security.web.servletapi.SecurityContextHolderAwareRequestFilter@7e9d171c, org.springframework.security.web.authentication.AnonymousAuthenticationFilter@67e37d25, org.springframework.security.web.session.SessionManagementFilter@153c69bc, org.springframework.security.web.access.ExceptionTranslationFilter@56f569e, org.springframework.security.web.access.intercept.FilterSecurityInterceptor@7bc239db]
2022-09-11 13:34:03.849-03:00  INFO [main] [traceId: ] o.s.s.concurrent.ThreadPoolTaskExecutor  : Initializing ExecutorService 'applicationTaskExecutor'
2022-09-11 13:34:03.943-03:00  WARN [main] [traceId: ] ion$DefaultTemplateResolverConfiguration : Cannot find template location: classpath:/templates/ (please add some templates or check your Thymeleaf configuration)
2022-09-11 13:34:04.498-03:00  INFO [main] [traceId: ] o.s.b.w.embedded.tomcat.TomcatWebServer  : Tomcat started on port(s): 8080 (http) with context path ''
2022-09-11 13:34:04.502-03:00  INFO [main] [traceId: ] c.p.ttk.admision.TtkAdmisionApplication  : Started TtkAdmisionApplication in 6.669 seconds (JVM running for 7.486)
2022-09-11 13:34:22.036-03:00  INFO [http-nio-8080-exec-1] [traceId: ] o.a.c.c.C.[Tomcat].[localhost].[/]       : Initializing Spring DispatcherServlet 'dispatcherServlet'
2022-09-11 13:34:22.037-03:00  INFO [http-nio-8080-exec-1] [traceId: ] o.s.web.servlet.DispatcherServlet        : Initializing Servlet 'dispatcherServlet'
2022-09-11 13:34:22.047-03:00  INFO [http-nio-8080-exec-1] [traceId: ] o.s.web.servlet.DispatcherServlet        : Completed initialization in 10 ms
2022-09-11 13:34:22.120-03:00 ERROR [http-nio-8080-exec-1] [traceId: ] c.p.t.admision.security.jwt.JwtProvider  : token fail en la firma
2022-09-11 13:34:36.389-03:00 ERROR [http-nio-8080-exec-3] [traceId: ] c.p.t.admision.security.jwt.JwtProvider  : token fail en la firma
2022-09-11 13:34:45.234-03:00 ERROR [http-nio-8080-exec-4] [traceId: ] c.p.t.admision.security.jwt.JwtProvider  : token fail en la firma
2022-09-11 13:39:06.495-03:00  INFO [SpringContextShutdownHook] [traceId: ] o.s.s.concurrent.ThreadPoolTaskExecutor  : Shutting down ExecutorService 'applicationTaskExecutor'
2022-09-11 13:39:06.499-03:00  INFO [SpringContextShutdownHook] [traceId: ] j.LocalContainerEntityManagerFactoryBean : Closing JPA EntityManagerFactory for persistence unit 'default'
2022-09-11 13:39:06.502-03:00  INFO [SpringContextShutdownHook] [traceId: ] com.zaxxer.hikari.HikariDataSource       : HikariPool-1 - Shutdown initiated...
2022-09-11 13:39:06.511-03:00  INFO [SpringContextShutdownHook] [traceId: ] com.zaxxer.hikari.HikariDataSource       : HikariPool-1 - Shutdown completed.
2022-09-11 13:39:12.541-03:00  INFO [main] [traceId: ] c.p.ttk.admision.TtkAdmisionApplication  : Starting TtkAdmisionApplication on LAPTOP-NTG74QU4 with PID 1604 (C:\Users\ENVY\Desktop\TECHNOTANKERS\PROYECTO-TECHNOTANKERS\DESARROLLO\HEROKU\BACKEND\jwt-security\target\classes started by ENVY in C:\Users\ENVY\Desktop\TECHNOTANKERS\PROYECTO-TECHNOTANKERS\DESARROLLO\HEROKU\BACKEND\jwt-security)
2022-09-11 13:39:12.544-03:00  INFO [main] [traceId: ] c.p.ttk.admision.TtkAdmisionApplication  : No active profile set, falling back to default profiles: default
2022-09-11 13:39:13.541-03:00  INFO [main] [traceId: ] .s.d.r.c.RepositoryConfigurationDelegate : Bootstrapping Spring Data JPA repositories in DEFAULT mode.
2022-09-11 13:39:13.634-03:00  INFO [main] [traceId: ] .s.d.r.c.RepositoryConfigurationDelegate : Finished Spring Data repository scanning in 81ms. Found 2 JPA repository interfaces.
2022-09-11 13:39:14.118-03:00  INFO [main] [traceId: ] trationDelegate$BeanPostProcessorChecker : Bean 'org.springframework.transaction.annotation.ProxyTransactionManagementConfiguration' of type [org.springframework.transaction.annotation.ProxyTransactionManagementConfiguration] is not eligible for getting processed by all BeanPostProcessors (for example: not eligible for auto-proxying)
2022-09-11 13:39:14.140-03:00  INFO [main] [traceId: ] trationDelegate$BeanPostProcessorChecker : Bean 'org.springframework.security.config.annotation.configuration.ObjectPostProcessorConfiguration' of type [org.springframework.security.config.annotation.configuration.ObjectPostProcessorConfiguration] is not eligible for getting processed by all BeanPostProcessors (for example: not eligible for auto-proxying)
2022-09-11 13:39:14.144-03:00  INFO [main] [traceId: ] trationDelegate$BeanPostProcessorChecker : Bean 'objectPostProcessor' of type [org.springframework.security.config.annotation.configuration.AutowireBeanFactoryObjectPostProcessor] is not eligible for getting processed by all BeanPostProcessors (for example: not eligible for auto-proxying)
2022-09-11 13:39:14.145-03:00  INFO [main] [traceId: ] trationDelegate$BeanPostProcessorChecker : Bean 'org.springframework.security.access.expression.method.DefaultMethodSecurityExpressionHandler@31834a2b' of type [org.springframework.security.access.expression.method.DefaultMethodSecurityExpressionHandler] is not eligible for getting processed by all BeanPostProcessors (for example: not eligible for auto-proxying)
2022-09-11 13:39:14.146-03:00  INFO [main] [traceId: ] trationDelegate$BeanPostProcessorChecker : Bean 'org.springframework.security.config.annotation.method.configuration.GlobalMethodSecurityConfiguration' of type [org.springframework.security.config.annotation.method.configuration.GlobalMethodSecurityConfiguration] is not eligible for getting processed by all BeanPostProcessors (for example: not eligible for auto-proxying)
2022-09-11 13:39:14.149-03:00  INFO [main] [traceId: ] trationDelegate$BeanPostProcessorChecker : Bean 'methodSecurityMetadataSource' of type [org.springframework.security.access.method.DelegatingMethodSecurityMetadataSource] is not eligible for getting processed by all BeanPostProcessors (for example: not eligible for auto-proxying)
2022-09-11 13:39:14.689-03:00  INFO [main] [traceId: ] o.s.b.w.embedded.tomcat.TomcatWebServer  : Tomcat initialized with port(s): 8080 (http)
2022-09-11 13:39:14.703-03:00  INFO [main] [traceId: ] o.apache.catalina.core.StandardService   : Starting service [Tomcat]
2022-09-11 13:39:14.704-03:00  INFO [main] [traceId: ] org.apache.catalina.core.StandardEngine  : Starting Servlet engine: [Apache Tomcat/9.0.29]
2022-09-11 13:39:14.873-03:00  INFO [main] [traceId: ] o.a.c.c.C.[Tomcat].[localhost].[/]       : Initializing Spring embedded WebApplicationContext
2022-09-11 13:39:14.874-03:00  INFO [main] [traceId: ] o.s.web.context.ContextLoader            : Root WebApplicationContext: initialization completed in 2279 ms
2022-09-11 13:39:14.955-03:00  WARN [main] [traceId: ] JpaBaseConfiguration$JpaWebConfiguration : spring.jpa.open-in-view is enabled by default. Therefore, database queries may be performed during view rendering. Explicitly configure spring.jpa.open-in-view to disable this warning
2022-09-11 13:39:15.109-03:00  INFO [main] [traceId: ] o.hibernate.jpa.internal.util.LogHelper  : HHH000204: Processing PersistenceUnitInfo [name: default]
2022-09-11 13:39:15.206-03:00  INFO [main] [traceId: ] org.hibernate.Version                    : HHH000412: Hibernate Core {5.4.9.Final}
2022-09-11 13:39:15.375-03:00  INFO [main] [traceId: ] o.hibernate.annotations.common.Version   : HCANN000001: Hibernate Commons Annotations {5.1.0.Final}
2022-09-11 13:39:15.499-03:00  INFO [main] [traceId: ] com.zaxxer.hikari.HikariDataSource       : HikariPool-1 - Starting...
2022-09-11 13:39:15.754-03:00  INFO [main] [traceId: ] com.zaxxer.hikari.HikariDataSource       : HikariPool-1 - Start completed.
2022-09-11 13:39:15.777-03:00  INFO [main] [traceId: ] org.hibernate.dialect.Dialect            : HHH000400: Using dialect: org.hibernate.dialect.PostgreSQLDialect
2022-09-11 13:39:16.801-03:00  INFO [main] [traceId: ] o.h.e.t.j.p.i.JtaPlatformInitiator       : HHH000490: Using JtaPlatform implementation: [org.hibernate.engine.transaction.jta.platform.internal.NoJtaPlatform]
2022-09-11 13:39:16.808-03:00  INFO [main] [traceId: ] j.LocalContainerEntityManagerFactoryBean : Initialized JPA EntityManagerFactory for persistence unit 'default'
2022-09-11 13:39:18.210-03:00  INFO [main] [traceId: ] o.s.s.web.DefaultSecurityFilterChain     : Creating filter chain: any request, [org.springframework.security.web.context.request.async.WebAsyncManagerIntegrationFilter@3be2ef56, org.springframework.security.web.context.SecurityContextPersistenceFilter@1e6cd1c, org.springframework.security.web.header.HeaderWriterFilter@41bc501b, org.springframework.web.filter.CorsFilter@5a8149f6, org.springframework.security.web.authentication.logout.LogoutFilter@5ae6119b, JwtTokenFilter@6447dc25, org.springframework.security.web.savedrequest.RequestCacheAwareFilter@19f9287a, org.springframework.security.web.servletapi.SecurityContextHolderAwareRequestFilter@122a6078, org.springframework.security.web.authentication.AnonymousAuthenticationFilter@672549f3, org.springframework.security.web.session.SessionManagementFilter@489989eb, org.springframework.security.web.access.ExceptionTranslationFilter@1dc9e4d2, org.springframework.security.web.access.intercept.FilterSecurityInterceptor@186fc6e]
2022-09-11 13:39:18.290-03:00  INFO [main] [traceId: ] o.s.s.concurrent.ThreadPoolTaskExecutor  : Initializing ExecutorService 'applicationTaskExecutor'
2022-09-11 13:39:18.398-03:00  WARN [main] [traceId: ] ion$DefaultTemplateResolverConfiguration : Cannot find template location: classpath:/templates/ (please add some templates or check your Thymeleaf configuration)
2022-09-11 13:39:18.924-03:00  INFO [main] [traceId: ] o.s.b.w.embedded.tomcat.TomcatWebServer  : Tomcat started on port(s): 8080 (http) with context path ''
2022-09-11 13:39:18.928-03:00  INFO [main] [traceId: ] c.p.ttk.admision.TtkAdmisionApplication  : Started TtkAdmisionApplication in 6.763 seconds (JVM running for 7.536)
2022-09-11 13:40:31.617-03:00  INFO [http-nio-8080-exec-2] [traceId: ] o.a.c.c.C.[Tomcat].[localhost].[/]       : Initializing Spring DispatcherServlet 'dispatcherServlet'
2022-09-11 13:40:31.618-03:00  INFO [http-nio-8080-exec-2] [traceId: ] o.s.web.servlet.DispatcherServlet        : Initializing Servlet 'dispatcherServlet'
2022-09-11 13:40:31.630-03:00  INFO [http-nio-8080-exec-2] [traceId: ] o.s.web.servlet.DispatcherServlet        : Completed initialization in 12 ms
2022-09-11 13:40:31.717-03:00 ERROR [http-nio-8080-exec-2] [traceId: ] c.p.t.admision.security.jwt.JwtProvider  : token fail en la firma
2022-09-11 13:40:39.432-03:00 ERROR [http-nio-8080-exec-5] [traceId: ] c.p.t.admision.security.jwt.JwtProvider  : token fail en la firma
2022-09-11 13:45:09.528-03:00  INFO [SpringContextShutdownHook] [traceId: ] o.s.s.concurrent.ThreadPoolTaskExecutor  : Shutting down ExecutorService 'applicationTaskExecutor'
2022-09-11 13:45:09.533-03:00  INFO [SpringContextShutdownHook] [traceId: ] j.LocalContainerEntityManagerFactoryBean : Closing JPA EntityManagerFactory for persistence unit 'default'
2022-09-11 13:45:09.536-03:00  INFO [SpringContextShutdownHook] [traceId: ] com.zaxxer.hikari.HikariDataSource       : HikariPool-1 - Shutdown initiated...
2022-09-11 13:45:09.544-03:00  INFO [SpringContextShutdownHook] [traceId: ] com.zaxxer.hikari.HikariDataSource       : HikariPool-1 - Shutdown completed.
2022-09-11 14:29:06.616-03:00  INFO [main] [traceId: ] c.p.ttk.admision.TtkAdmisionApplication  : Starting TtkAdmisionApplication on LAPTOP-NTG74QU4 with PID 10004 (C:\Users\ENVY\Desktop\CHALLENGE-TENPO\DEVELOP-TENPO\TENPO-CHALLENGE\challenge-tenpo\jwt-security\target\classes started by ENVY in C:\Users\ENVY\Desktop\CHALLENGE-TENPO\DEVELOP-TENPO\TENPO-CHALLENGE\challenge-tenpo\jwt-security)
2022-09-11 14:29:06.620-03:00  INFO [main] [traceId: ] c.p.ttk.admision.TtkAdmisionApplication  : No active profile set, falling back to default profiles: default
2022-09-11 14:29:07.706-03:00  INFO [main] [traceId: ] .s.d.r.c.RepositoryConfigurationDelegate : Bootstrapping Spring Data JPA repositories in DEFAULT mode.
2022-09-11 14:29:07.796-03:00  INFO [main] [traceId: ] .s.d.r.c.RepositoryConfigurationDelegate : Finished Spring Data repository scanning in 78ms. Found 2 JPA repository interfaces.
2022-09-11 14:29:08.273-03:00  INFO [main] [traceId: ] trationDelegate$BeanPostProcessorChecker : Bean 'org.springframework.transaction.annotation.ProxyTransactionManagementConfiguration' of type [org.springframework.transaction.annotation.ProxyTransactionManagementConfiguration] is not eligible for getting processed by all BeanPostProcessors (for example: not eligible for auto-proxying)
2022-09-11 14:29:08.296-03:00  INFO [main] [traceId: ] trationDelegate$BeanPostProcessorChecker : Bean 'org.springframework.security.config.annotation.configuration.ObjectPostProcessorConfiguration' of type [org.springframework.security.config.annotation.configuration.ObjectPostProcessorConfiguration] is not eligible for getting processed by all BeanPostProcessors (for example: not eligible for auto-proxying)
2022-09-11 14:29:08.299-03:00  INFO [main] [traceId: ] trationDelegate$BeanPostProcessorChecker : Bean 'objectPostProcessor' of type [org.springframework.security.config.annotation.configuration.AutowireBeanFactoryObjectPostProcessor] is not eligible for getting processed by all BeanPostProcessors (for example: not eligible for auto-proxying)
2022-09-11 14:29:08.301-03:00  INFO [main] [traceId: ] trationDelegate$BeanPostProcessorChecker : Bean 'org.springframework.security.access.expression.method.DefaultMethodSecurityExpressionHandler@7889b4b9' of type [org.springframework.security.access.expression.method.DefaultMethodSecurityExpressionHandler] is not eligible for getting processed by all BeanPostProcessors (for example: not eligible for auto-proxying)
2022-09-11 14:29:08.302-03:00  INFO [main] [traceId: ] trationDelegate$BeanPostProcessorChecker : Bean 'org.springframework.security.config.annotation.method.configuration.GlobalMethodSecurityConfiguration' of type [org.springframework.security.config.annotation.method.configuration.GlobalMethodSecurityConfiguration] is not eligible for getting processed by all BeanPostProcessors (for example: not eligible for auto-proxying)
2022-09-11 14:29:08.305-03:00  INFO [main] [traceId: ] trationDelegate$BeanPostProcessorChecker : Bean 'methodSecurityMetadataSource' of type [org.springframework.security.access.method.DelegatingMethodSecurityMetadataSource] is not eligible for getting processed by all BeanPostProcessors (for example: not eligible for auto-proxying)
2022-09-11 14:29:08.855-03:00  INFO [main] [traceId: ] o.s.b.w.embedded.tomcat.TomcatWebServer  : Tomcat initialized with port(s): 8080 (http)
2022-09-11 14:29:08.870-03:00  INFO [main] [traceId: ] o.apache.catalina.core.StandardService   : Starting service [Tomcat]
2022-09-11 14:29:08.870-03:00  INFO [main] [traceId: ] org.apache.catalina.core.StandardEngine  : Starting Servlet engine: [Apache Tomcat/9.0.29]
2022-09-11 14:29:09.041-03:00  INFO [main] [traceId: ] o.a.c.c.C.[Tomcat].[localhost].[/]       : Initializing Spring embedded WebApplicationContext
2022-09-11 14:29:09.043-03:00  INFO [main] [traceId: ] o.s.web.context.ContextLoader            : Root WebApplicationContext: initialization completed in 2366 ms
2022-09-11 14:29:09.120-03:00  WARN [main] [traceId: ] JpaBaseConfiguration$JpaWebConfiguration : spring.jpa.open-in-view is enabled by default. Therefore, database queries may be performed during view rendering. Explicitly configure spring.jpa.open-in-view to disable this warning
2022-09-11 14:29:09.275-03:00  INFO [main] [traceId: ] o.hibernate.jpa.internal.util.LogHelper  : HHH000204: Processing PersistenceUnitInfo [name: default]
2022-09-11 14:29:09.367-03:00  INFO [main] [traceId: ] org.hibernate.Version                    : HHH000412: Hibernate Core {5.4.9.Final}
2022-09-11 14:29:09.541-03:00  INFO [main] [traceId: ] o.hibernate.annotations.common.Version   : HCANN000001: Hibernate Commons Annotations {5.1.0.Final}
2022-09-11 14:29:09.672-03:00  INFO [main] [traceId: ] com.zaxxer.hikari.HikariDataSource       : HikariPool-1 - Starting...
2022-09-11 14:29:09.996-03:00  INFO [main] [traceId: ] com.zaxxer.hikari.HikariDataSource       : HikariPool-1 - Start completed.
2022-09-11 14:29:10.019-03:00  INFO [main] [traceId: ] org.hibernate.dialect.Dialect            : HHH000400: Using dialect: org.hibernate.dialect.PostgreSQLDialect
2022-09-11 14:29:11.149-03:00  INFO [main] [traceId: ] o.h.e.t.j.p.i.JtaPlatformInitiator       : HHH000490: Using JtaPlatform implementation: [org.hibernate.engine.transaction.jta.platform.internal.NoJtaPlatform]
2022-09-11 14:29:11.155-03:00  INFO [main] [traceId: ] j.LocalContainerEntityManagerFactoryBean : Initialized JPA EntityManagerFactory for persistence unit 'default'
2022-09-11 14:29:12.553-03:00  INFO [main] [traceId: ] o.s.s.web.DefaultSecurityFilterChain     : Creating filter chain: any request, [org.springframework.security.web.context.request.async.WebAsyncManagerIntegrationFilter@407ff25f, org.springframework.security.web.context.SecurityContextPersistenceFilter@5cdafb4d, org.springframework.security.web.header.HeaderWriterFilter@a1c4f69, org.springframework.web.filter.CorsFilter@3ba8fbc8, org.springframework.security.web.authentication.logout.LogoutFilter@578ac0be, JwtTokenFilter@267e0ca0, org.springframework.security.web.savedrequest.RequestCacheAwareFilter@5ae6119b, org.springframework.security.web.servletapi.SecurityContextHolderAwareRequestFilter@602e7a9e, org.springframework.security.web.authentication.AnonymousAuthenticationFilter@113a89c5, org.springframework.security.web.session.SessionManagementFilter@72ae1007, org.springframework.security.web.access.ExceptionTranslationFilter@1f138b74, org.springframework.security.web.access.intercept.FilterSecurityInterceptor@752e50c6]
2022-09-11 14:29:12.625-03:00  INFO [main] [traceId: ] o.s.s.concurrent.ThreadPoolTaskExecutor  : Initializing ExecutorService 'applicationTaskExecutor'
2022-09-11 14:29:12.731-03:00  WARN [main] [traceId: ] ion$DefaultTemplateResolverConfiguration : Cannot find template location: classpath:/templates/ (please add some templates or check your Thymeleaf configuration)
2022-09-11 14:29:13.305-03:00  INFO [main] [traceId: ] o.s.b.w.embedded.tomcat.TomcatWebServer  : Tomcat started on port(s): 8080 (http) with context path ''
2022-09-11 14:29:13.309-03:00  INFO [main] [traceId: ] c.p.ttk.admision.TtkAdmisionApplication  : Started TtkAdmisionApplication in 7.098 seconds (JVM running for 7.941)
2022-09-11 14:31:27.454-03:00  INFO [http-nio-8080-exec-1] [traceId: ] o.a.c.c.C.[Tomcat].[localhost].[/]       : Initializing Spring DispatcherServlet 'dispatcherServlet'
2022-09-11 14:31:27.455-03:00  INFO [http-nio-8080-exec-1] [traceId: ] o.s.web.servlet.DispatcherServlet        : Initializing Servlet 'dispatcherServlet'
2022-09-11 14:31:27.469-03:00  INFO [http-nio-8080-exec-1] [traceId: ] o.s.web.servlet.DispatcherServlet        : Completed initialization in 14 ms
2022-09-11 14:32:17.195-03:00  INFO [SpringContextShutdownHook] [traceId: ] o.s.s.concurrent.ThreadPoolTaskExecutor  : Shutting down ExecutorService 'applicationTaskExecutor'
2022-09-11 14:32:17.199-03:00  INFO [SpringContextShutdownHook] [traceId: ] j.LocalContainerEntityManagerFactoryBean : Closing JPA EntityManagerFactory for persistence unit 'default'
2022-09-11 14:32:17.203-03:00  INFO [SpringContextShutdownHook] [traceId: ] com.zaxxer.hikari.HikariDataSource       : HikariPool-1 - Shutdown initiated...
2022-09-11 14:32:17.213-03:00  INFO [SpringContextShutdownHook] [traceId: ] com.zaxxer.hikari.HikariDataSource       : HikariPool-1 - Shutdown completed.
2022-09-11 14:32:23.931-03:00  INFO [main] [traceId: ] c.p.ttk.admision.TtkAdmisionApplication  : Starting TtkAdmisionApplication on LAPTOP-NTG74QU4 with PID 19912 (C:\Users\ENVY\Desktop\CHALLENGE-TENPO\DEVELOP-TENPO\TENPO-CHALLENGE\challenge-tenpo\jwt-security\target\classes started by ENVY in C:\Users\ENVY\Desktop\CHALLENGE-TENPO\DEVELOP-TENPO\TENPO-CHALLENGE\challenge-tenpo\jwt-security)
2022-09-11 14:32:23.935-03:00  INFO [main] [traceId: ] c.p.ttk.admision.TtkAdmisionApplication  : No active profile set, falling back to default profiles: default
2022-09-11 14:32:25.389-03:00  INFO [main] [traceId: ] .s.d.r.c.RepositoryConfigurationDelegate : Bootstrapping Spring Data JPA repositories in DEFAULT mode.
2022-09-11 14:32:25.487-03:00  INFO [main] [traceId: ] .s.d.r.c.RepositoryConfigurationDelegate : Finished Spring Data repository scanning in 85ms. Found 2 JPA repository interfaces.
2022-09-11 14:32:26.320-03:00  INFO [main] [traceId: ] trationDelegate$BeanPostProcessorChecker : Bean 'org.springframework.transaction.annotation.ProxyTransactionManagementConfiguration' of type [org.springframework.transaction.annotation.ProxyTransactionManagementConfiguration] is not eligible for getting processed by all BeanPostProcessors (for example: not eligible for auto-proxying)
2022-09-11 14:32:26.362-03:00  INFO [main] [traceId: ] trationDelegate$BeanPostProcessorChecker : Bean 'org.springframework.security.config.annotation.configuration.ObjectPostProcessorConfiguration' of type [org.springframework.security.config.annotation.configuration.ObjectPostProcessorConfiguration] is not eligible for getting processed by all BeanPostProcessors (for example: not eligible for auto-proxying)
2022-09-11 14:32:26.367-03:00  INFO [main] [traceId: ] trationDelegate$BeanPostProcessorChecker : Bean 'objectPostProcessor' of type [org.springframework.security.config.annotation.configuration.AutowireBeanFactoryObjectPostProcessor] is not eligible for getting processed by all BeanPostProcessors (for example: not eligible for auto-proxying)
2022-09-11 14:32:26.371-03:00  INFO [main] [traceId: ] trationDelegate$BeanPostProcessorChecker : Bean 'org.springframework.security.access.expression.method.DefaultMethodSecurityExpressionHandler@1f84327b' of type [org.springframework.security.access.expression.method.DefaultMethodSecurityExpressionHandler] is not eligible for getting processed by all BeanPostProcessors (for example: not eligible for auto-proxying)
2022-09-11 14:32:26.376-03:00  INFO [main] [traceId: ] trationDelegate$BeanPostProcessorChecker : Bean 'org.springframework.security.config.annotation.method.configuration.GlobalMethodSecurityConfiguration' of type [org.springframework.security.config.annotation.method.configuration.GlobalMethodSecurityConfiguration] is not eligible for getting processed by all BeanPostProcessors (for example: not eligible for auto-proxying)
2022-09-11 14:32:26.383-03:00  INFO [main] [traceId: ] trationDelegate$BeanPostProcessorChecker : Bean 'methodSecurityMetadataSource' of type [org.springframework.security.access.method.DelegatingMethodSecurityMetadataSource] is not eligible for getting processed by all BeanPostProcessors (for example: not eligible for auto-proxying)
2022-09-11 14:32:27.249-03:00  INFO [main] [traceId: ] o.s.b.w.embedded.tomcat.TomcatWebServer  : Tomcat initialized with port(s): 8080 (http)
2022-09-11 14:32:27.277-03:00  INFO [main] [traceId: ] o.apache.catalina.core.StandardService   : Starting service [Tomcat]
2022-09-11 14:32:27.278-03:00  INFO [main] [traceId: ] org.apache.catalina.core.StandardEngine  : Starting Servlet engine: [Apache Tomcat/9.0.29]
2022-09-11 14:32:27.526-03:00  INFO [main] [traceId: ] o.a.c.c.C.[Tomcat].[localhost].[/]       : Initializing Spring embedded WebApplicationContext
2022-09-11 14:32:27.527-03:00  INFO [main] [traceId: ] o.s.web.context.ContextLoader            : Root WebApplicationContext: initialization completed in 3532 ms
2022-09-11 14:32:27.617-03:00  WARN [main] [traceId: ] JpaBaseConfiguration$JpaWebConfiguration : spring.jpa.open-in-view is enabled by default. Therefore, database queries may be performed during view rendering. Explicitly configure spring.jpa.open-in-view to disable this warning
2022-09-11 14:32:28.028-03:00  INFO [main] [traceId: ] o.hibernate.jpa.internal.util.LogHelper  : HHH000204: Processing PersistenceUnitInfo [name: default]
2022-09-11 14:32:28.266-03:00  INFO [main] [traceId: ] org.hibernate.Version                    : HHH000412: Hibernate Core {5.4.9.Final}
2022-09-11 14:32:28.547-03:00  INFO [main] [traceId: ] o.hibernate.annotations.common.Version   : HCANN000001: Hibernate Commons Annotations {5.1.0.Final}
2022-09-11 14:32:28.923-03:00  INFO [main] [traceId: ] com.zaxxer.hikari.HikariDataSource       : HikariPool-1 - Starting...
2022-09-11 14:32:29.262-03:00  INFO [main] [traceId: ] com.zaxxer.hikari.HikariDataSource       : HikariPool-1 - Start completed.
2022-09-11 14:32:29.301-03:00  INFO [main] [traceId: ] org.hibernate.dialect.Dialect            : HHH000400: Using dialect: org.hibernate.dialect.PostgreSQLDialect
2022-09-11 14:32:30.766-03:00  INFO [main] [traceId: ] o.h.e.t.j.p.i.JtaPlatformInitiator       : HHH000490: Using JtaPlatform implementation: [org.hibernate.engine.transaction.jta.platform.internal.NoJtaPlatform]
2022-09-11 14:32:30.774-03:00  INFO [main] [traceId: ] j.LocalContainerEntityManagerFactoryBean : Initialized JPA EntityManagerFactory for persistence unit 'default'
2022-09-11 14:32:32.908-03:00  INFO [main] [traceId: ] o.s.s.web.DefaultSecurityFilterChain     : Creating filter chain: any request, [org.springframework.security.web.context.request.async.WebAsyncManagerIntegrationFilter@7305a443, org.springframework.security.web.context.SecurityContextPersistenceFilter@62b2bc2e, org.springframework.security.web.header.HeaderWriterFilter@15096b0e, org.springframework.web.filter.CorsFilter@3ed2a30c, org.springframework.security.web.authentication.logout.LogoutFilter@489989eb, JwtTokenFilter@2c7607e5, org.springframework.security.web.savedrequest.RequestCacheAwareFilter@7fd3197b, org.springframework.security.web.servletapi.SecurityContextHolderAwareRequestFilter@156d7556, org.springframework.security.web.authentication.AnonymousAuthenticationFilter@adbc3bc, org.springframework.security.web.session.SessionManagementFilter@439047ef, org.springframework.security.web.access.ExceptionTranslationFilter@46cb800b, org.springframework.security.web.access.intercept.FilterSecurityInterceptor@5799b8a2]
2022-09-11 14:32:33.087-03:00  INFO [main] [traceId: ] o.s.s.concurrent.ThreadPoolTaskExecutor  : Initializing ExecutorService 'applicationTaskExecutor'
2022-09-11 14:32:33.238-03:00  WARN [main] [traceId: ] ion$DefaultTemplateResolverConfiguration : Cannot find template location: classpath:/templates/ (please add some templates or check your Thymeleaf configuration)
2022-09-11 14:32:34.219-03:00  INFO [main] [traceId: ] o.s.b.w.embedded.tomcat.TomcatWebServer  : Tomcat started on port(s): 8080 (http) with context path ''
2022-09-11 14:32:34.225-03:00  INFO [main] [traceId: ] c.p.ttk.admision.TtkAdmisionApplication  : Started TtkAdmisionApplication in 10.713 seconds (JVM running for 11.674)
2022-09-11 14:32:34.390-03:00  INFO [http-nio-8080-exec-1] [traceId: ] o.a.c.c.C.[Tomcat].[localhost].[/]       : Initializing Spring DispatcherServlet 'dispatcherServlet'
2022-09-11 14:32:34.391-03:00  INFO [http-nio-8080-exec-1] [traceId: ] o.s.web.servlet.DispatcherServlet        : Initializing Servlet 'dispatcherServlet'
2022-09-11 14:32:34.411-03:00  INFO [http-nio-8080-exec-1] [traceId: ] o.s.web.servlet.DispatcherServlet        : Completed initialization in 18 ms
2022-09-11 14:33:39.289-03:00 ERROR [http-nio-8080-exec-8] [traceId: ] c.p.t.a.security.jwt.JwtEntryPoint       : fail en el mtodo commence
2022-09-11 17:23:50.579-03:00  WARN [HikariPool-1 housekeeper] [traceId: ] com.zaxxer.hikari.pool.HikariPool        : HikariPool-1 - Thread starvation or clock leap detected (housekeeper delta=1h13m19s685ms796s600ns).
2022-09-11 22:44:20.346-03:00  INFO [SpringContextShutdownHook] [traceId: ] o.s.s.concurrent.ThreadPoolTaskExecutor  : Shutting down ExecutorService 'applicationTaskExecutor'
2022-09-11 22:44:20.354-03:00  INFO [SpringContextShutdownHook] [traceId: ] j.LocalContainerEntityManagerFactoryBean : Closing JPA EntityManagerFactory for persistence unit 'default'
2022-09-11 22:44:20.374-03:00  INFO [SpringContextShutdownHook] [traceId: ] com.zaxxer.hikari.HikariDataSource       : HikariPool-1 - Shutdown initiated...
2022-09-11 22:44:20.384-03:00  INFO [SpringContextShutdownHook] [traceId: ] com.zaxxer.hikari.HikariDataSource       : HikariPool-1 - Shutdown completed.
