2022-09-12 11:42:14.189-03:00  INFO [main] [traceId: ] c.c.tenpo.TtkAdmisionApplication         : Starting TtkAdmisionApplication on LAPTOP-NTG74QU4 with PID 11520 (C:\Users\ENVY\Desktop\CHALLENGE-TENPO\DEVELOP-TENPO\TENPO-CHALLENGE\porcentaje-random\porcentaje-random\target\classes started by ENVY in C:\Users\ENVY\Desktop\CHALLENGE-TENPO\DEVELOP-TENPO\TENPO-CHALLENGE\porcentaje-random\porcentaje-random)
2022-09-12 11:42:14.192-03:00  INFO [main] [traceId: ] c.c.tenpo.TtkAdmisionApplication         : No active profile set, falling back to default profiles: default
2022-09-12 11:42:15.751-03:00  INFO [main] [traceId: ] o.s.b.w.embedded.tomcat.TomcatWebServer  : Tomcat initialized with port(s): 8081 (http)
2022-09-12 11:42:15.762-03:00  INFO [main] [traceId: ] o.apache.catalina.core.StandardService   : Starting service [Tomcat]
2022-09-12 11:42:15.762-03:00  INFO [main] [traceId: ] org.apache.catalina.core.StandardEngine  : Starting Servlet engine: [Apache Tomcat/9.0.29]
2022-09-12 11:42:15.865-03:00  INFO [main] [traceId: ] o.a.c.c.C.[Tomcat].[localhost].[/]       : Initializing Spring embedded WebApplicationContext
2022-09-12 11:42:15.866-03:00  INFO [main] [traceId: ] o.s.web.context.ContextLoader            : Root WebApplicationContext: initialization completed in 1613 ms
2022-09-12 11:42:16.340-03:00  INFO [main] [traceId: ] o.s.s.concurrent.ThreadPoolTaskExecutor  : Initializing ExecutorService 'applicationTaskExecutor'
2022-09-12 11:42:16.793-03:00  INFO [main] [traceId: ] o.s.b.w.embedded.tomcat.TomcatWebServer  : Tomcat started on port(s): 8081 (http) with context path ''
2022-09-12 11:42:16.798-03:00  INFO [main] [traceId: ] c.c.tenpo.TtkAdmisionApplication         : Started TtkAdmisionApplication in 3.012 seconds (JVM running for 3.871)
2022-09-12 11:42:24.667-03:00  INFO [http-nio-8081-exec-1] [traceId: ] o.a.c.c.C.[Tomcat].[localhost].[/]       : Initializing Spring DispatcherServlet 'dispatcherServlet'
2022-09-12 11:42:24.669-03:00  INFO [http-nio-8081-exec-1] [traceId: ] o.s.web.servlet.DispatcherServlet        : Initializing Servlet 'dispatcherServlet'
2022-09-12 11:42:24.678-03:00  INFO [http-nio-8081-exec-1] [traceId: ] o.s.web.servlet.DispatcherServlet        : Completed initialization in 9 ms
2022-09-12 11:42:27.267-03:00  INFO [SpringContextShutdownHook] [traceId: ] o.s.s.concurrent.ThreadPoolTaskExecutor  : Shutting down ExecutorService 'applicationTaskExecutor'
2022-09-12 12:13:23.413-03:00  INFO [main] [traceId: ] c.c.tenpo.TtkAdmisionApplication         : Starting TtkAdmisionApplication on LAPTOP-NTG74QU4 with PID 11680 (C:\Users\ENVY\Desktop\CHALLENGE-TENPO\DEVELOP-TENPO\TENPO-CHALLENGE\porcentaje-random\porcentaje-random\target\classes started by ENVY in C:\Users\ENVY\Desktop\CHALLENGE-TENPO\DEVELOP-TENPO\TENPO-CHALLENGE\porcentaje-random\porcentaje-random)
2022-09-12 12:13:23.417-03:00  INFO [main] [traceId: ] c.c.tenpo.TtkAdmisionApplication         : No active profile set, falling back to default profiles: default
2022-09-12 12:13:24.949-03:00  INFO [main] [traceId: ] o.s.b.w.embedded.tomcat.TomcatWebServer  : Tomcat initialized with port(s): 8081 (http)
2022-09-12 12:13:24.960-03:00  INFO [main] [traceId: ] o.apache.catalina.core.StandardService   : Starting service [Tomcat]
2022-09-12 12:13:24.960-03:00  INFO [main] [traceId: ] org.apache.catalina.core.StandardEngine  : Starting Servlet engine: [Apache Tomcat/9.0.29]
2022-09-12 12:13:25.064-03:00  INFO [main] [traceId: ] o.a.c.c.C.[Tomcat].[localhost].[/]       : Initializing Spring embedded WebApplicationContext
2022-09-12 12:13:25.064-03:00  INFO [main] [traceId: ] o.s.web.context.ContextLoader            : Root WebApplicationContext: initialization completed in 1588 ms
2022-09-12 12:13:25.509-03:00  INFO [main] [traceId: ] o.s.s.concurrent.ThreadPoolTaskExecutor  : Initializing ExecutorService 'applicationTaskExecutor'
2022-09-12 12:13:25.910-03:00  INFO [main] [traceId: ] o.s.b.w.embedded.tomcat.TomcatWebServer  : Tomcat started on port(s): 8081 (http) with context path ''
2022-09-12 12:13:25.915-03:00  INFO [main] [traceId: ] c.c.tenpo.TtkAdmisionApplication         : Started TtkAdmisionApplication in 2.884 seconds (JVM running for 3.601)
2022-09-12 14:15:53.800-03:00  INFO [http-nio-8081-exec-1] [traceId: ] o.a.c.c.C.[Tomcat].[localhost].[/]       : Initializing Spring DispatcherServlet 'dispatcherServlet'
2022-09-12 14:15:53.808-03:00  INFO [http-nio-8081-exec-1] [traceId: ] o.s.web.servlet.DispatcherServlet        : Initializing Servlet 'dispatcherServlet'
2022-09-12 14:15:53.967-03:00  INFO [http-nio-8081-exec-1] [traceId: ] o.s.web.servlet.DispatcherServlet        : Completed initialization in 158 ms
2022-09-12 15:06:12.037-03:00  INFO [SpringContextShutdownHook] [traceId: ] o.s.s.concurrent.ThreadPoolTaskExecutor  : Shutting down ExecutorService 'applicationTaskExecutor'
2022-09-12 17:58:47.436-03:00  INFO [main] [traceId: ] c.c.tenpo.TtkAdmisionApplication         : Starting TtkAdmisionApplication on LAPTOP-NTG74QU4 with PID 20424 (C:\Users\ENVY\Desktop\CHALLENGE-TENPO\DEVELOP-TENPO\TENPO-CHALLENGE\porcentaje-random\porcentaje-random\target\classes started by ENVY in C:\Users\ENVY\Desktop\CHALLENGE-TENPO\DEVELOP-TENPO\TENPO-CHALLENGE\porcentaje-random\porcentaje-random)
2022-09-12 17:58:47.439-03:00  INFO [main] [traceId: ] c.c.tenpo.TtkAdmisionApplication         : No active profile set, falling back to default profiles: default
2022-09-12 17:58:48.984-03:00  INFO [main] [traceId: ] o.s.b.w.embedded.tomcat.TomcatWebServer  : Tomcat initialized with port(s): 8081 (http)
2022-09-12 17:58:48.995-03:00  INFO [main] [traceId: ] o.apache.catalina.core.StandardService   : Starting service [Tomcat]
2022-09-12 17:58:48.995-03:00  INFO [main] [traceId: ] org.apache.catalina.core.StandardEngine  : Starting Servlet engine: [Apache Tomcat/9.0.29]
2022-09-12 17:58:49.103-03:00  INFO [main] [traceId: ] o.a.c.c.C.[Tomcat].[localhost].[/]       : Initializing Spring embedded WebApplicationContext
2022-09-12 17:58:49.104-03:00  INFO [main] [traceId: ] o.s.web.context.ContextLoader            : Root WebApplicationContext: initialization completed in 1611 ms
2022-09-12 17:58:49.557-03:00  INFO [main] [traceId: ] o.s.s.concurrent.ThreadPoolTaskExecutor  : Initializing ExecutorService 'applicationTaskExecutor'
2022-09-12 17:58:49.991-03:00  INFO [main] [traceId: ] o.s.b.w.embedded.tomcat.TomcatWebServer  : Tomcat started on port(s): 8081 (http) with context path ''
2022-09-12 17:58:49.995-03:00  INFO [main] [traceId: ] c.c.tenpo.TtkAdmisionApplication         : Started TtkAdmisionApplication in 2.947 seconds (JVM running for 4.018)
2022-09-12 17:59:20.137-03:00  INFO [http-nio-8081-exec-1] [traceId: ] o.a.c.c.C.[Tomcat].[localhost].[/]       : Initializing Spring DispatcherServlet 'dispatcherServlet'
2022-09-12 17:59:20.138-03:00  INFO [http-nio-8081-exec-1] [traceId: ] o.s.web.servlet.DispatcherServlet        : Initializing Servlet 'dispatcherServlet'
2022-09-12 17:59:20.154-03:00  INFO [http-nio-8081-exec-1] [traceId: ] o.s.web.servlet.DispatcherServlet        : Completed initialization in 16 ms
2022-09-12 22:04:23.723-03:00  INFO [SpringContextShutdownHook] [traceId: ] o.s.s.concurrent.ThreadPoolTaskExecutor  : Shutting down ExecutorService 'applicationTaskExecutor'
