2022-09-20 11:51:01.131-03:00  INFO [main] [traceId: ] c.c.tenpo.TtkAdmisionApplication         : Starting TtkAdmisionApplication on LAPTOP-NTG74QU4 with PID 3044 (C:\Users\ENVY\Desktop\CHALLENGE-TENPO\DEVELOP-TENPO\TENPO-CHALLENGE\porcentaje-random\porcentaje-random\target\classes started by ENVY in C:\Users\ENVY\Desktop\CHALLENGE-TENPO\DEVELOP-TENPO\TENPO-CHALLENGE\porcentaje-random\porcentaje-random)
2022-09-20 11:51:01.135-03:00  INFO [main] [traceId: ] c.c.tenpo.TtkAdmisionApplication         : No active profile set, falling back to default profiles: default
2022-09-20 11:51:02.950-03:00  INFO [main] [traceId: ] o.s.b.w.embedded.tomcat.TomcatWebServer  : Tomcat initialized with port(s): 8081 (http)
2022-09-20 11:51:02.962-03:00  INFO [main] [traceId: ] o.apache.catalina.core.StandardService   : Starting service [Tomcat]
2022-09-20 11:51:02.962-03:00  INFO [main] [traceId: ] org.apache.catalina.core.StandardEngine  : Starting Servlet engine: [Apache Tomcat/9.0.29]
2022-09-20 11:51:03.070-03:00  INFO [main] [traceId: ] o.a.c.c.C.[Tomcat].[localhost].[/]       : Initializing Spring embedded WebApplicationContext
2022-09-20 11:51:03.071-03:00  INFO [main] [traceId: ] o.s.web.context.ContextLoader            : Root WebApplicationContext: initialization completed in 1875 ms
2022-09-20 11:51:03.574-03:00  INFO [main] [traceId: ] o.s.s.concurrent.ThreadPoolTaskExecutor  : Initializing ExecutorService 'applicationTaskExecutor'
2022-09-20 11:51:03.976-03:00  INFO [main] [traceId: ] o.s.b.w.embedded.tomcat.TomcatWebServer  : Tomcat started on port(s): 8081 (http) with context path ''
2022-09-20 11:51:03.981-03:00  INFO [main] [traceId: ] c.c.tenpo.TtkAdmisionApplication         : Started TtkAdmisionApplication in 3.289 seconds (JVM running for 4.242)
2022-09-20 12:04:40.320-03:00  INFO [http-nio-8081-exec-1] [traceId: ] o.a.c.c.C.[Tomcat].[localhost].[/]       : Initializing Spring DispatcherServlet 'dispatcherServlet'
2022-09-20 12:04:40.323-03:00  INFO [http-nio-8081-exec-1] [traceId: ] o.s.web.servlet.DispatcherServlet        : Initializing Servlet 'dispatcherServlet'
2022-09-20 12:04:40.379-03:00  INFO [http-nio-8081-exec-1] [traceId: ] o.s.web.servlet.DispatcherServlet        : Completed initialization in 55 ms
2022-09-20 12:28:34.555-03:00  INFO [SpringContextShutdownHook] [traceId: ] o.s.s.concurrent.ThreadPoolTaskExecutor  : Shutting down ExecutorService 'applicationTaskExecutor'
2022-09-20 12:44:42.981-03:00  INFO [main] [traceId: ] c.c.tenpo.TtkAdmisionApplication         : Starting TtkAdmisionApplication on LAPTOP-NTG74QU4 with PID 9872 (C:\Users\ENVY\Desktop\CHALLENGE-TENPO\DEVELOP-TENPO\TENPO-CHALLENGE\porcentaje-random\porcentaje-random\target\classes started by ENVY in C:\Users\ENVY\Desktop\CHALLENGE-TENPO\DEVELOP-TENPO\TENPO-CHALLENGE\porcentaje-random\porcentaje-random)
2022-09-20 12:44:42.986-03:00  INFO [main] [traceId: ] c.c.tenpo.TtkAdmisionApplication         : No active profile set, falling back to default profiles: default
2022-09-20 12:44:45.479-03:00  INFO [main] [traceId: ] o.s.b.w.embedded.tomcat.TomcatWebServer  : Tomcat initialized with port(s): 8081 (http)
2022-09-20 12:44:45.509-03:00  INFO [main] [traceId: ] o.apache.catalina.core.StandardService   : Starting service [Tomcat]
2022-09-20 12:44:45.511-03:00  INFO [main] [traceId: ] org.apache.catalina.core.StandardEngine  : Starting Servlet engine: [Apache Tomcat/9.0.29]
2022-09-20 12:44:46.012-03:00  INFO [main] [traceId: ] o.a.c.c.C.[Tomcat].[localhost].[/]       : Initializing Spring embedded WebApplicationContext
2022-09-20 12:44:46.013-03:00  INFO [main] [traceId: ] o.s.web.context.ContextLoader            : Root WebApplicationContext: initialization completed in 2972 ms
2022-09-20 12:44:46.550-03:00  INFO [main] [traceId: ] o.s.s.concurrent.ThreadPoolTaskExecutor  : Initializing ExecutorService 'applicationTaskExecutor'
2022-09-20 12:44:46.949-03:00  INFO [main] [traceId: ] o.s.b.w.embedded.tomcat.TomcatWebServer  : Tomcat started on port(s): 8081 (http) with context path ''
2022-09-20 12:44:46.954-03:00  INFO [main] [traceId: ] c.c.tenpo.TtkAdmisionApplication         : Started TtkAdmisionApplication in 4.602 seconds (JVM running for 5.441)
2022-09-20 12:44:55.690-03:00  INFO [http-nio-8081-exec-1] [traceId: ] o.a.c.c.C.[Tomcat].[localhost].[/]       : Initializing Spring DispatcherServlet 'dispatcherServlet'
2022-09-20 12:44:55.691-03:00  INFO [http-nio-8081-exec-1] [traceId: ] o.s.web.servlet.DispatcherServlet        : Initializing Servlet 'dispatcherServlet'
2022-09-20 12:44:55.697-03:00  INFO [http-nio-8081-exec-1] [traceId: ] o.s.web.servlet.DispatcherServlet        : Completed initialization in 6 ms
2022-09-20 16:20:01.407-03:00  INFO [SpringContextShutdownHook] [traceId: ] o.s.s.concurrent.ThreadPoolTaskExecutor  : Shutting down ExecutorService 'applicationTaskExecutor'
2022-09-20 21:10:49.469-03:00  INFO [main] [traceId: ] .b.t.c.SpringBootTestContextBootstrapper : Neither @ContextConfiguration nor @ContextHierarchy found for test class [com.challenge.tenpo.CrudApplicationTests], using SpringBootContextLoader
2022-09-20 21:10:49.477-03:00  INFO [main] [traceId: ] o.s.t.c.support.AbstractContextLoader    : Could not detect default resource locations for test class [com.challenge.tenpo.CrudApplicationTests]: no resource found for suffixes {-context.xml, Context.groovy}.
2022-09-20 21:10:49.478-03:00  INFO [main] [traceId: ] t.c.s.AnnotationConfigContextLoaderUtils : Could not detect default configuration classes for test class [com.challenge.tenpo.CrudApplicationTests]: CrudApplicationTests does not declare any static, non-private, non-final, nested classes annotated with @Configuration.
2022-09-20 21:10:49.595-03:00  INFO [main] [traceId: ] .b.t.c.SpringBootTestContextBootstrapper : Found @SpringBootConfiguration com.challenge.tenpo.percentajeRandomApplication for test class com.challenge.tenpo.CrudApplicationTests
2022-09-20 21:10:49.704-03:00  INFO [main] [traceId: ] .b.t.c.SpringBootTestContextBootstrapper : Loaded default TestExecutionListener class names from location [META-INF/spring.factories]: [org.springframework.boot.test.mock.mockito.MockitoTestExecutionListener, org.springframework.boot.test.mock.mockito.ResetMocksTestExecutionListener, org.springframework.boot.test.autoconfigure.restdocs.RestDocsTestExecutionListener, org.springframework.boot.test.autoconfigure.web.client.MockRestServiceServerResetTestExecutionListener, org.springframework.boot.test.autoconfigure.web.servlet.MockMvcPrintOnlyOnFailureTestExecutionListener, org.springframework.boot.test.autoconfigure.web.servlet.WebDriverTestExecutionListener, org.springframework.test.context.web.ServletTestExecutionListener, org.springframework.test.context.support.DirtiesContextBeforeModesTestExecutionListener, org.springframework.test.context.support.DependencyInjectionTestExecutionListener, org.springframework.test.context.support.DirtiesContextTestExecutionListener, org.springframework.test.context.transaction.TransactionalTestExecutionListener, org.springframework.test.context.jdbc.SqlScriptsTestExecutionListener, org.springframework.test.context.event.EventPublishingTestExecutionListener]
2022-09-20 21:10:49.714-03:00  INFO [main] [traceId: ] .b.t.c.SpringBootTestContextBootstrapper : Using TestExecutionListeners: [org.springframework.test.context.web.ServletTestExecutionListener@7fb9f71f, org.springframework.test.context.support.DirtiesContextBeforeModesTestExecutionListener@3b366632, org.springframework.boot.test.mock.mockito.MockitoTestExecutionListener@51f49060, org.springframework.boot.test.autoconfigure.SpringBootDependencyInjectionTestExecutionListener@514eedd8, org.springframework.test.context.support.DirtiesContextTestExecutionListener@617fe9e1, org.springframework.test.context.event.EventPublishingTestExecutionListener@6970140a, org.springframework.boot.test.mock.mockito.ResetMocksTestExecutionListener@1cf2fed4, org.springframework.boot.test.autoconfigure.restdocs.RestDocsTestExecutionListener@3af4e0bf, org.springframework.boot.test.autoconfigure.web.client.MockRestServiceServerResetTestExecutionListener@245a26e1, org.springframework.boot.test.autoconfigure.web.servlet.MockMvcPrintOnlyOnFailureTestExecutionListener@4d63b624, org.springframework.boot.test.autoconfigure.web.servlet.WebDriverTestExecutionListener@466cf502]
2022-09-20 21:10:50.024-03:00  INFO [main] [traceId: ] c.challenge.tenpo.CrudApplicationTests   : Starting CrudApplicationTests on LAPTOP-NTG74QU4 with PID 12896 (started by ENVY in C:\Users\ENVY\Desktop\CHALLENGE-TENPO\DEVELOP-TENPO\TENPO-CHALLENGE\porcentaje-random\porcentaje-random)
2022-09-20 21:10:50.025-03:00  INFO [main] [traceId: ] c.challenge.tenpo.CrudApplicationTests   : No active profile set, falling back to default profiles: default
2022-09-20 21:10:52.098-03:00  INFO [main] [traceId: ] o.s.s.concurrent.ThreadPoolTaskExecutor  : Initializing ExecutorService 'applicationTaskExecutor'
2022-09-20 21:10:52.671-03:00  INFO [main] [traceId: ] c.challenge.tenpo.CrudApplicationTests   : Started CrudApplicationTests in 2.912 seconds (JVM running for 4.237)
2022-09-20 21:10:53.145-03:00  INFO [SpringContextShutdownHook] [traceId: ] o.s.s.concurrent.ThreadPoolTaskExecutor  : Shutting down ExecutorService 'applicationTaskExecutor'
2022-09-20 21:23:47.860-03:00  INFO [main] [traceId: ] .b.t.c.SpringBootTestContextBootstrapper : Neither @ContextConfiguration nor @ContextHierarchy found for test class [com.challenge.tenpo.CrudApplicationTests], using SpringBootContextLoader
2022-09-20 21:23:47.870-03:00  INFO [main] [traceId: ] o.s.t.c.support.AbstractContextLoader    : Could not detect default resource locations for test class [com.challenge.tenpo.CrudApplicationTests]: no resource found for suffixes {-context.xml, Context.groovy}.
2022-09-20 21:23:47.871-03:00  INFO [main] [traceId: ] t.c.s.AnnotationConfigContextLoaderUtils : Could not detect default configuration classes for test class [com.challenge.tenpo.CrudApplicationTests]: CrudApplicationTests does not declare any static, non-private, non-final, nested classes annotated with @Configuration.
2022-09-20 21:23:47.973-03:00  INFO [main] [traceId: ] .b.t.c.SpringBootTestContextBootstrapper : Found @SpringBootConfiguration com.challenge.tenpo.percentajeRandomApplication for test class com.challenge.tenpo.CrudApplicationTests
2022-09-20 21:23:48.095-03:00  INFO [main] [traceId: ] .b.t.c.SpringBootTestContextBootstrapper : Loaded default TestExecutionListener class names from location [META-INF/spring.factories]: [org.springframework.boot.test.mock.mockito.MockitoTestExecutionListener, org.springframework.boot.test.mock.mockito.ResetMocksTestExecutionListener, org.springframework.boot.test.autoconfigure.restdocs.RestDocsTestExecutionListener, org.springframework.boot.test.autoconfigure.web.client.MockRestServiceServerResetTestExecutionListener, org.springframework.boot.test.autoconfigure.web.servlet.MockMvcPrintOnlyOnFailureTestExecutionListener, org.springframework.boot.test.autoconfigure.web.servlet.WebDriverTestExecutionListener, org.springframework.test.context.web.ServletTestExecutionListener, org.springframework.test.context.support.DirtiesContextBeforeModesTestExecutionListener, org.springframework.test.context.support.DependencyInjectionTestExecutionListener, org.springframework.test.context.support.DirtiesContextTestExecutionListener, org.springframework.test.context.transaction.TransactionalTestExecutionListener, org.springframework.test.context.jdbc.SqlScriptsTestExecutionListener, org.springframework.test.context.event.EventPublishingTestExecutionListener]
2022-09-20 21:23:48.105-03:00  INFO [main] [traceId: ] .b.t.c.SpringBootTestContextBootstrapper : Using TestExecutionListeners: [org.springframework.test.context.web.ServletTestExecutionListener@532721fd, org.springframework.test.context.support.DirtiesContextBeforeModesTestExecutionListener@410954b, org.springframework.boot.test.mock.mockito.MockitoTestExecutionListener@7fb9f71f, org.springframework.boot.test.autoconfigure.SpringBootDependencyInjectionTestExecutionListener@3b366632, org.springframework.test.context.support.DirtiesContextTestExecutionListener@51f49060, org.springframework.test.context.event.EventPublishingTestExecutionListener@514eedd8, org.springframework.boot.test.mock.mockito.ResetMocksTestExecutionListener@617fe9e1, org.springframework.boot.test.autoconfigure.restdocs.RestDocsTestExecutionListener@6970140a, org.springframework.boot.test.autoconfigure.web.client.MockRestServiceServerResetTestExecutionListener@1cf2fed4, org.springframework.boot.test.autoconfigure.web.servlet.MockMvcPrintOnlyOnFailureTestExecutionListener@3af4e0bf, org.springframework.boot.test.autoconfigure.web.servlet.WebDriverTestExecutionListener@245a26e1]
2022-09-20 21:23:48.389-03:00  INFO [main] [traceId: ] c.challenge.tenpo.CrudApplicationTests   : Starting CrudApplicationTests on LAPTOP-NTG74QU4 with PID 10388 (started by ENVY in C:\Users\ENVY\Desktop\CHALLENGE-TENPO\DEVELOP-TENPO\TENPO-CHALLENGE\porcentaje-random\porcentaje-random)
2022-09-20 21:23:48.390-03:00  INFO [main] [traceId: ] c.challenge.tenpo.CrudApplicationTests   : No active profile set, falling back to default profiles: default
2022-09-20 21:23:50.388-03:00  INFO [main] [traceId: ] o.s.s.concurrent.ThreadPoolTaskExecutor  : Initializing ExecutorService 'applicationTaskExecutor'
2022-09-20 21:23:50.902-03:00  INFO [main] [traceId: ] c.challenge.tenpo.CrudApplicationTests   : Started CrudApplicationTests in 2.754 seconds (JVM running for 4.028)
2022-09-20 21:23:51.355-03:00  INFO [SpringContextShutdownHook] [traceId: ] o.s.s.concurrent.ThreadPoolTaskExecutor  : Shutting down ExecutorService 'applicationTaskExecutor'
